2025-04-16 09:59:29,953 - INFO - ================================================================================
2025-04-16 09:59:29,953 - INFO - NEW TRAINING RUN: wavenet on all dataset with language awareness: False
2025-04-16 09:59:29,953 - INFO - Parameters: Epochs=10, Batch Size=8, LR=0.003, Weight Decay=1e-05
2025-04-16 09:59:29,953 - INFO - Continue Training: False, Patience: 3
2025-04-16 09:59:29,953 - INFO - ================================================================================
2025-04-16 09:59:29,964 - INFO - Using device: cuda

2025-04-16 09:59:29,964 - INFO - Loading dataset...
2025-04-16 10:00:01,493 - INFO - Dataset loaded - Train set: 10368, Validation set: 1296, Test set: 1296

2025-04-16 10:00:01,493 - INFO - Using standard CrossEntropyLoss
2025-04-16 10:00:01,493 - INFO - Initializing model and optimizer...
2025-04-16 10:00:01,598 - INFO - No checkpoint found. Starting training from scratch.
2025-04-16 10:00:01,598 - INFO - Model and optimizer initialized.

2025-04-16 10:00:01,598 - INFO - TrainHandler initialized for model: wavenet with language awareness: False

2025-04-16 10:00:01,598 - INFO - Starting model training process
2025-04-16 10:00:01,598 - INFO - Starting training process for 10 epochs with patience 3

2025-04-16 10:00:01,598 - INFO - === Starting Epoch 1/10 ===
2025-04-16 10:00:01,598 - INFO - Starting training for epoch 1
2025-04-16 10:06:08,108 - INFO - Epoch 1 completed - Train Loss: 0.6442, Train Acc: 64.55%
2025-04-16 10:06:08,109 - INFO - Starting validation for epoch 1
2025-04-16 10:06:43,913 - INFO - Epoch 1 validation - Val Loss: 0.8288, Val Acc: 48.30%

2025-04-16 10:06:43,914 - INFO - Saving model and training statistics to ../models/wavenet/all
2025-04-16 10:06:43,941 - INFO - Model checkpoint saved at epoch 1 with validation loss: 0.8288

2025-04-16 10:06:43,941 - INFO - New best model saved at epoch 1 with validation loss: 0.8288
2025-04-16 10:06:43,941 - INFO - === Completed Epoch 1/10 ===

2025-04-16 10:06:43,941 - INFO - === Starting Epoch 2/10 ===
2025-04-16 10:06:43,941 - INFO - Starting training for epoch 2
2025-04-16 10:12:56,940 - INFO - Epoch 2 completed - Train Loss: 0.6256, Train Acc: 66.99%
2025-04-16 10:12:56,940 - INFO - Starting validation for epoch 2
2025-04-16 10:13:32,744 - INFO - Epoch 2 validation - Val Loss: 0.8194, Val Acc: 48.30%

2025-04-16 10:13:32,745 - INFO - Saving model and training statistics to ../models/wavenet/all
2025-04-16 10:13:32,773 - INFO - Model checkpoint saved at epoch 2 with validation loss: 0.8194

2025-04-16 10:13:32,773 - INFO - New best model saved at epoch 2 with validation loss: 0.8194
2025-04-16 10:13:32,773 - INFO - === Completed Epoch 2/10 ===

2025-04-16 10:13:32,773 - INFO - === Starting Epoch 3/10 ===
2025-04-16 10:13:32,773 - INFO - Starting training for epoch 3
2025-04-16 10:19:46,456 - INFO - Epoch 3 completed - Train Loss: 0.6169, Train Acc: 68.36%
2025-04-16 10:19:46,456 - INFO - Starting validation for epoch 3
2025-04-16 10:20:22,259 - INFO - Epoch 3 validation - Val Loss: 0.8284, Val Acc: 48.30%

2025-04-16 10:20:22,259 - INFO - No improvement for 1 epochs. Best val loss: 0.8194 at epoch 2
2025-04-16 10:20:22,259 - INFO - === Completed Epoch 3/10 ===

2025-04-16 10:20:22,259 - INFO - === Starting Epoch 4/10 ===
2025-04-16 10:20:22,259 - INFO - Starting training for epoch 4
2025-04-16 10:26:37,952 - INFO - Epoch 4 completed - Train Loss: 0.6037, Train Acc: 68.84%
2025-04-16 10:26:37,952 - INFO - Starting validation for epoch 4
2025-04-16 10:27:13,595 - INFO - Epoch 4 validation - Val Loss: 0.9194, Val Acc: 48.30%

2025-04-16 10:27:13,595 - INFO - No improvement for 2 epochs. Best val loss: 0.8194 at epoch 2
2025-04-16 10:27:13,595 - INFO - === Completed Epoch 4/10 ===

2025-04-16 10:27:13,595 - INFO - === Starting Epoch 5/10 ===
2025-04-16 10:27:13,595 - INFO - Starting training for epoch 5
2025-04-16 10:33:27,463 - INFO - Epoch 5 completed - Train Loss: 0.5944, Train Acc: 69.55%
2025-04-16 10:33:27,463 - INFO - Starting validation for epoch 5
2025-04-16 10:34:03,369 - INFO - Epoch 5 validation - Val Loss: 0.7746, Val Acc: 48.30%

2025-04-16 10:34:03,370 - INFO - Saving model and training statistics to ../models/wavenet/all
2025-04-16 10:34:03,397 - INFO - Model checkpoint saved at epoch 5 with validation loss: 0.7746

2025-04-16 10:34:03,398 - INFO - New best model saved at epoch 5 with validation loss: 0.7746
2025-04-16 10:34:03,398 - INFO - === Completed Epoch 5/10 ===

2025-04-16 10:34:03,398 - INFO - === Starting Epoch 6/10 ===
2025-04-16 10:34:03,398 - INFO - Starting training for epoch 6
2025-04-16 10:40:19,404 - INFO - Epoch 6 completed - Train Loss: 0.5752, Train Acc: 70.36%
2025-04-16 10:40:19,404 - INFO - Starting validation for epoch 6
2025-04-16 10:40:55,072 - INFO - Epoch 6 validation - Val Loss: 0.8798, Val Acc: 48.30%

2025-04-16 10:40:55,072 - INFO - No improvement for 1 epochs. Best val loss: 0.7746 at epoch 5
2025-04-16 10:40:55,072 - INFO - === Completed Epoch 6/10 ===

2025-04-16 10:40:55,072 - INFO - === Starting Epoch 7/10 ===
2025-04-16 10:40:55,072 - INFO - Starting training for epoch 7
2025-04-16 10:45:51,485 - INFO - Epoch 7 completed - Train Loss: 0.5621, Train Acc: 71.04%
2025-04-16 10:45:51,485 - INFO - Starting validation for epoch 7
2025-04-16 10:46:25,369 - INFO - Epoch 7 validation - Val Loss: 0.8450, Val Acc: 48.30%

2025-04-16 10:46:25,369 - INFO - No improvement for 2 epochs. Best val loss: 0.7746 at epoch 5
2025-04-16 10:46:25,369 - INFO - === Completed Epoch 7/10 ===

2025-04-16 10:46:25,369 - INFO - === Starting Epoch 8/10 ===
2025-04-16 10:46:25,369 - INFO - Starting training for epoch 8
2025-04-16 10:50:46,732 - INFO - Epoch 8 completed - Train Loss: 0.5603, Train Acc: 70.84%
2025-04-16 10:50:46,732 - INFO - Starting validation for epoch 8
2025-04-16 10:51:20,613 - INFO - Epoch 8 validation - Val Loss: 0.8867, Val Acc: 48.30%

2025-04-16 10:51:20,613 - INFO - Learning rate adjusted from 0.003 to 0.0015
2025-04-16 10:51:20,613 - INFO - No improvement for 3 epochs. Best val loss: 0.7746 at epoch 5
2025-04-16 10:51:20,613 - INFO - Early stopping triggered after 8 epochs

2025-04-16 10:51:20,613 - INFO - Training completed. Best validation loss: 0.7746 at epoch 5

2025-04-16 10:51:20,613 - INFO - Training completed. Starting model evaluation
2025-04-16 10:51:20,613 - INFO - Starting model evaluation on test set
2025-04-16 10:51:52,890 - INFO - Test Evaluation Results:
2025-04-16 10:51:52,890 - INFO - Test Accuracy: 50.46%
2025-04-16 10:51:52,890 - INFO - Precision: 0.0000
2025-04-16 10:51:52,890 - INFO - Recall: 0.0000
2025-04-16 10:51:52,890 - INFO - F1 Score: 0.0000
2025-04-16 10:51:52,890 - INFO - Generating confusion matrix
2025-04-16 10:51:52,985 - INFO - Confusion matrix saved to ../models/wavenet/all/confusion_matrix.png
2025-04-16 10:51:52,985 - INFO - Generating training history plots
2025-04-16 10:51:53,190 - INFO - Training history plots saved to ../models/wavenet/all/training_history.png
2025-04-16 10:51:53,190 - INFO - ================================================================================
2025-04-16 10:51:53,190 - INFO - TRAINING SUMMARY:
2025-04-16 10:51:53,190 - INFO - Model: wavenet on all dataset
2025-04-16 10:51:53,190 - INFO - Best validation loss: 0.7746 achieved at epoch 5
2025-04-16 10:51:53,191 - INFO - Final training accuracy: 70.84%
2025-04-16 10:51:53,191 - INFO - Final validation accuracy: 48.30%
2025-04-16 10:51:53,191 - INFO - Model saved at: ../models/wavenet/all
2025-04-16 10:51:53,191 - INFO - Training completed successfully
2025-04-16 10:51:53,191 - INFO - ================================================================================
