2025-04-16 19:19:23,284 - INFO - ================================================================================
2025-04-16 19:19:23,284 - INFO - NEW TRAINING RUN: wav2vec2_nn on all dataset with language awareness: True
2025-04-16 19:19:23,284 - INFO - Parameters: Epochs=10, Batch Size=16, LR=0.003, Weight Decay=1e-05
2025-04-16 19:19:23,284 - INFO - Continue Training: False, Patience: 3
2025-04-16 19:19:23,284 - INFO - ================================================================================
2025-04-16 19:19:23,296 - INFO - Using device: cuda

2025-04-16 19:19:23,296 - INFO - Loading dataset...
2025-04-16 19:19:54,779 - INFO - Dataset loaded - Train set: 10368, Validation set: 1296, Test set: 1296

2025-04-16 19:19:54,780 - INFO - Using CombinedCrossEntropyLoss for language-aware training
2025-04-16 19:19:54,780 - INFO - Initializing model and optimizer...
2025-04-16 19:19:55,121 - INFO - No checkpoint found. Starting training from scratch.
2025-04-16 19:19:55,121 - INFO - Model and optimizer initialized.

2025-04-16 19:19:55,121 - INFO - TrainHandler initialized for model: wav2vec2_nn with language awareness: True

2025-04-16 19:19:55,122 - INFO - Starting model training process
2025-04-16 19:19:55,122 - INFO - Starting training process for 10 epochs with patience 3

2025-04-16 19:19:55,122 - INFO - === Starting Epoch 1/10 ===
2025-04-16 19:19:55,122 - INFO - Starting training for epoch 1
2025-04-16 19:24:05,837 - INFO - Epoch 1 completed - Train Loss: 1.0504, Train Acc: 56.90%
2025-04-16 19:24:05,837 - INFO - Starting validation for epoch 1
2025-04-16 19:24:38,309 - INFO - Epoch 1 validation - Val Loss: 1.0158, Val Acc: 60.80%

2025-04-16 19:24:38,311 - INFO - Saving model and training statistics to ../models/wav2vec2_nn/all_lang_aware
2025-04-16 19:24:40,536 - INFO - Model checkpoint saved at epoch 1 with validation loss: 1.0158

2025-04-16 19:24:40,536 - INFO - New best model saved at epoch 1 with validation loss: 1.0158
2025-04-16 19:24:40,536 - INFO - === Completed Epoch 1/10 ===

2025-04-16 19:24:40,536 - INFO - === Starting Epoch 2/10 ===
2025-04-16 19:24:40,536 - INFO - Starting training for epoch 2
2025-04-16 19:28:55,401 - INFO - Epoch 2 completed - Train Loss: 1.1148, Train Acc: 58.39%
2025-04-16 19:28:55,401 - INFO - Starting validation for epoch 2
2025-04-16 19:29:27,664 - INFO - Epoch 2 validation - Val Loss: 1.0212, Val Acc: 60.80%

2025-04-16 19:29:27,664 - INFO - No improvement for 1 epochs. Best val loss: 1.0158 at epoch 1
2025-04-16 19:29:27,664 - INFO - === Completed Epoch 2/10 ===

2025-04-16 19:29:27,664 - INFO - === Starting Epoch 3/10 ===
2025-04-16 19:29:27,664 - INFO - Starting training for epoch 3
2025-04-16 19:33:38,344 - INFO - Epoch 3 completed - Train Loss: 1.0552, Train Acc: 58.77%
2025-04-16 19:33:38,345 - INFO - Starting validation for epoch 3
2025-04-16 19:34:10,630 - INFO - Epoch 3 validation - Val Loss: 1.0161, Val Acc: 60.80%

2025-04-16 19:34:10,631 - INFO - No improvement for 2 epochs. Best val loss: 1.0158 at epoch 1
2025-04-16 19:34:10,631 - INFO - === Completed Epoch 3/10 ===

2025-04-16 19:34:10,631 - INFO - === Starting Epoch 4/10 ===
2025-04-16 19:34:10,631 - INFO - Starting training for epoch 4
2025-04-16 19:38:18,117 - INFO - Epoch 4 completed - Train Loss: 1.0346, Train Acc: 58.82%
2025-04-16 19:38:18,117 - INFO - Starting validation for epoch 4
2025-04-16 19:38:50,392 - INFO - Epoch 4 validation - Val Loss: 1.0168, Val Acc: 60.80%

2025-04-16 19:38:50,392 - INFO - Learning rate adjusted from 0.003 to 0.0015
2025-04-16 19:38:50,392 - INFO - No improvement for 3 epochs. Best val loss: 1.0158 at epoch 1
2025-04-16 19:38:50,392 - INFO - Early stopping triggered after 4 epochs

2025-04-16 19:38:50,392 - INFO - Training completed. Best validation loss: 1.0158 at epoch 1

2025-04-16 19:38:50,392 - INFO - Training completed. Starting model evaluation
2025-04-16 19:38:50,392 - INFO - Starting model evaluation on test set
2025-04-16 19:39:20,508 - INFO - Test Evaluation Results:
2025-04-16 19:39:20,508 - INFO - Test Accuracy: 58.18%
2025-04-16 19:39:20,508 - INFO - Precision: 0.0000
2025-04-16 19:39:20,508 - INFO - Recall: 0.0000
2025-04-16 19:39:20,508 - INFO - F1 Score: 0.0000
2025-04-16 19:39:20,508 - INFO - Generating confusion matrix
2025-04-16 19:39:20,608 - INFO - Confusion matrix saved to ../models/wav2vec2_nn/all_lang_aware/confusion_matrix.png
2025-04-16 19:39:20,608 - INFO - Generating training history plots
2025-04-16 19:39:20,814 - INFO - Training history plots saved to ../models/wav2vec2_nn/all_lang_aware/training_history.png
2025-04-16 19:39:20,814 - INFO - ================================================================================
2025-04-16 19:39:20,814 - INFO - TRAINING SUMMARY:
2025-04-16 19:39:20,814 - INFO - Model: wav2vec2_nn on all dataset
2025-04-16 19:39:20,814 - INFO - Best validation loss: 1.0158 achieved at epoch 1
2025-04-16 19:39:20,814 - INFO - Final training accuracy: 58.82%
2025-04-16 19:39:20,814 - INFO - Final validation accuracy: 60.80%
2025-04-16 19:39:20,814 - INFO - Model saved at: ../models/wav2vec2_nn/all_lang_aware
2025-04-16 19:39:20,814 - INFO - Training completed successfully
2025-04-16 19:39:20,814 - INFO - ================================================================================
