2025-04-16 12:55:57,498 - INFO - ================================================================================
2025-04-16 12:55:57,498 - INFO - NEW TRAINING RUN: raw_audio_lstm on all dataset with language awareness: True
2025-04-16 12:55:57,498 - INFO - Parameters: Epochs=10, Batch Size=128, LR=0.003, Weight Decay=1e-05
2025-04-16 12:55:57,498 - INFO - Continue Training: False, Patience: 3
2025-04-16 12:55:57,498 - INFO - ================================================================================
2025-04-16 12:55:57,509 - INFO - Using device: cuda

2025-04-16 12:55:57,510 - INFO - Loading dataset...
2025-04-16 12:56:28,838 - INFO - Dataset loaded - Train set: 10368, Validation set: 1296, Test set: 1296

2025-04-16 12:56:28,838 - INFO - Using CombinedCrossEntropyLoss for language-aware training
2025-04-16 12:56:28,838 - INFO - Initializing model and optimizer...
2025-04-16 12:56:28,956 - INFO - No checkpoint found. Starting training from scratch.
2025-04-16 12:56:28,957 - INFO - Model and optimizer initialized.

2025-04-16 12:56:28,957 - INFO - TrainHandler initialized for model: raw_audio_lstm with language awareness: True

2025-04-16 12:56:28,957 - INFO - Starting model training process
2025-04-16 12:56:28,957 - INFO - Starting training process for 10 epochs with patience 3

2025-04-16 12:56:28,957 - INFO - === Starting Epoch 1/10 ===
2025-04-16 12:56:28,957 - INFO - Starting training for epoch 1
2025-04-16 13:00:30,070 - INFO - Epoch 1 completed - Train Loss: 0.9498, Train Acc: 58.34%
2025-04-16 13:00:30,071 - INFO - Starting validation for epoch 1
2025-04-16 13:01:09,441 - INFO - Epoch 1 validation - Val Loss: 0.9118, Val Acc: 60.80%

2025-04-16 13:01:09,441 - INFO - Saving model and training statistics to ../models/raw_audio_lstm/all_lang_aware
2025-04-16 13:01:09,544 - INFO - Model checkpoint saved at epoch 1 with validation loss: 0.9118

2025-04-16 13:01:09,544 - INFO - New best model saved at epoch 1 with validation loss: 0.9118
2025-04-16 13:01:09,544 - INFO - === Completed Epoch 1/10 ===

2025-04-16 13:01:09,544 - INFO - === Starting Epoch 2/10 ===
2025-04-16 13:01:09,544 - INFO - Starting training for epoch 2
2025-04-16 13:05:43,558 - INFO - Epoch 2 completed - Train Loss: 0.8937, Train Acc: 62.03%
2025-04-16 13:05:43,558 - INFO - Starting validation for epoch 2
2025-04-16 13:06:24,350 - INFO - Epoch 2 validation - Val Loss: 0.9358, Val Acc: 63.19%

2025-04-16 13:06:24,350 - INFO - No improvement for 1 epochs. Best val loss: 0.9118 at epoch 1
2025-04-16 13:06:24,350 - INFO - === Completed Epoch 2/10 ===

2025-04-16 13:06:24,350 - INFO - === Starting Epoch 3/10 ===
2025-04-16 13:06:24,350 - INFO - Starting training for epoch 3
2025-04-16 13:10:50,640 - INFO - Epoch 3 completed - Train Loss: 0.8507, Train Acc: 66.39%
2025-04-16 13:10:50,640 - INFO - Starting validation for epoch 3
2025-04-16 13:11:31,169 - INFO - Epoch 3 validation - Val Loss: 0.8439, Val Acc: 67.05%

2025-04-16 13:11:31,169 - INFO - Saving model and training statistics to ../models/raw_audio_lstm/all_lang_aware
2025-04-16 13:11:31,281 - INFO - Model checkpoint saved at epoch 3 with validation loss: 0.8439

2025-04-16 13:11:31,281 - INFO - New best model saved at epoch 3 with validation loss: 0.8439
2025-04-16 13:11:31,281 - INFO - === Completed Epoch 3/10 ===

2025-04-16 13:11:31,281 - INFO - === Starting Epoch 4/10 ===
2025-04-16 13:11:31,281 - INFO - Starting training for epoch 4
2025-04-16 13:15:51,554 - INFO - Epoch 4 completed - Train Loss: 0.8046, Train Acc: 70.40%
2025-04-16 13:15:51,555 - INFO - Starting validation for epoch 4
2025-04-16 13:16:32,024 - INFO - Epoch 4 validation - Val Loss: 0.8408, Val Acc: 70.60%

2025-04-16 13:16:32,024 - INFO - Saving model and training statistics to ../models/raw_audio_lstm/all_lang_aware
2025-04-16 13:16:32,176 - INFO - Model checkpoint saved at epoch 4 with validation loss: 0.8408

2025-04-16 13:16:32,176 - INFO - New best model saved at epoch 4 with validation loss: 0.8408
2025-04-16 13:16:32,176 - INFO - === Completed Epoch 4/10 ===

2025-04-16 13:16:32,176 - INFO - === Starting Epoch 5/10 ===
2025-04-16 13:16:32,176 - INFO - Starting training for epoch 5
2025-04-16 13:21:00,377 - INFO - Epoch 5 completed - Train Loss: 0.7689, Train Acc: 73.12%
2025-04-16 13:21:00,377 - INFO - Starting validation for epoch 5
2025-04-16 13:21:40,907 - INFO - Epoch 5 validation - Val Loss: 1.1191, Val Acc: 50.93%

2025-04-16 13:21:40,907 - INFO - No improvement for 1 epochs. Best val loss: 0.8408 at epoch 4
2025-04-16 13:21:40,907 - INFO - === Completed Epoch 5/10 ===

2025-04-16 13:21:40,907 - INFO - === Starting Epoch 6/10 ===
2025-04-16 13:21:40,907 - INFO - Starting training for epoch 6
2025-04-16 13:26:09,884 - INFO - Epoch 6 completed - Train Loss: 0.7186, Train Acc: 76.64%
2025-04-16 13:26:09,885 - INFO - Starting validation for epoch 6
2025-04-16 13:26:50,427 - INFO - Epoch 6 validation - Val Loss: 0.8219, Val Acc: 75.08%

2025-04-16 13:26:50,428 - INFO - Saving model and training statistics to ../models/raw_audio_lstm/all_lang_aware
2025-04-16 13:26:50,538 - INFO - Model checkpoint saved at epoch 6 with validation loss: 0.8219

2025-04-16 13:26:50,538 - INFO - New best model saved at epoch 6 with validation loss: 0.8219
2025-04-16 13:26:50,538 - INFO - === Completed Epoch 6/10 ===

2025-04-16 13:26:50,538 - INFO - === Starting Epoch 7/10 ===
2025-04-16 13:26:50,538 - INFO - Starting training for epoch 7
2025-04-16 13:31:20,267 - INFO - Epoch 7 completed - Train Loss: 0.7031, Train Acc: 77.43%
2025-04-16 13:31:20,267 - INFO - Starting validation for epoch 7
2025-04-16 13:32:01,011 - INFO - Epoch 7 validation - Val Loss: 0.7802, Val Acc: 73.77%

2025-04-16 13:32:01,011 - INFO - Saving model and training statistics to ../models/raw_audio_lstm/all_lang_aware
2025-04-16 13:32:01,084 - INFO - Model checkpoint saved at epoch 7 with validation loss: 0.7802

2025-04-16 13:32:01,084 - INFO - New best model saved at epoch 7 with validation loss: 0.7802
2025-04-16 13:32:01,084 - INFO - === Completed Epoch 7/10 ===

2025-04-16 13:32:01,084 - INFO - === Starting Epoch 8/10 ===
2025-04-16 13:32:01,084 - INFO - Starting training for epoch 8
2025-04-16 13:36:28,517 - INFO - Epoch 8 completed - Train Loss: 0.6788, Train Acc: 78.97%
2025-04-16 13:36:28,517 - INFO - Starting validation for epoch 8
2025-04-16 13:37:08,702 - INFO - Epoch 8 validation - Val Loss: 0.7565, Val Acc: 77.08%

2025-04-16 13:37:08,702 - INFO - Saving model and training statistics to ../models/raw_audio_lstm/all_lang_aware
2025-04-16 13:37:08,816 - INFO - Model checkpoint saved at epoch 8 with validation loss: 0.7565

2025-04-16 13:37:08,816 - INFO - New best model saved at epoch 8 with validation loss: 0.7565
2025-04-16 13:37:08,816 - INFO - === Completed Epoch 8/10 ===

2025-04-16 13:37:08,816 - INFO - === Starting Epoch 9/10 ===
2025-04-16 13:37:08,816 - INFO - Starting training for epoch 9
2025-04-16 13:41:23,661 - INFO - Epoch 9 completed - Train Loss: 0.6503, Train Acc: 80.21%
2025-04-16 13:41:23,661 - INFO - Starting validation for epoch 9
2025-04-16 13:42:03,196 - INFO - Epoch 9 validation - Val Loss: 1.0241, Val Acc: 73.46%

2025-04-16 13:42:03,196 - INFO - No improvement for 1 epochs. Best val loss: 0.7565 at epoch 8
2025-04-16 13:42:03,196 - INFO - === Completed Epoch 9/10 ===

2025-04-16 13:42:03,196 - INFO - === Starting Epoch 10/10 ===
2025-04-16 13:42:03,196 - INFO - Starting training for epoch 10
2025-04-16 13:46:18,418 - INFO - Epoch 10 completed - Train Loss: 0.6547, Train Acc: 80.30%
2025-04-16 13:46:18,418 - INFO - Starting validation for epoch 10
2025-04-16 13:46:59,099 - INFO - Epoch 10 validation - Val Loss: 1.1691, Val Acc: 61.34%

2025-04-16 13:46:59,099 - INFO - No improvement for 2 epochs. Best val loss: 0.7565 at epoch 8
2025-04-16 13:46:59,099 - INFO - === Completed Epoch 10/10 ===

2025-04-16 13:46:59,099 - INFO - Training completed. Best validation loss: 0.7565 at epoch 8

2025-04-16 13:46:59,099 - INFO - Training completed. Starting model evaluation
2025-04-16 13:46:59,099 - INFO - Starting model evaluation on test set
2025-04-16 13:47:36,666 - INFO - Test Evaluation Results:
2025-04-16 13:47:36,666 - INFO - Test Accuracy: 61.34%
2025-04-16 13:47:36,666 - INFO - Precision: 0.5219
2025-04-16 13:47:36,666 - INFO - Recall: 0.9004
2025-04-16 13:47:36,666 - INFO - F1 Score: 0.6608
2025-04-16 13:47:36,666 - INFO - Generating confusion matrix
2025-04-16 13:47:36,773 - INFO - Confusion matrix saved to ../models/raw_audio_lstm/all_lang_aware/confusion_matrix.png
2025-04-16 13:47:36,773 - INFO - Generating training history plots
2025-04-16 13:47:36,980 - INFO - Training history plots saved to ../models/raw_audio_lstm/all_lang_aware/training_history.png
2025-04-16 13:47:36,980 - INFO - ================================================================================
2025-04-16 13:47:36,980 - INFO - TRAINING SUMMARY:
2025-04-16 13:47:36,980 - INFO - Model: raw_audio_lstm on all dataset
2025-04-16 13:47:36,980 - INFO - Best validation loss: 0.7565 achieved at epoch 8
2025-04-16 13:47:36,980 - INFO - Final training accuracy: 80.30%
2025-04-16 13:47:36,980 - INFO - Final validation accuracy: 61.34%
2025-04-16 13:47:36,980 - INFO - Model saved at: ../models/raw_audio_lstm/all_lang_aware
2025-04-16 13:47:36,980 - INFO - Training completed successfully
2025-04-16 13:47:36,980 - INFO - ================================================================================
