2025-04-16 07:41:33,337 - INFO - ================================================================================
2025-04-16 07:41:33,337 - INFO - NEW TRAINING RUN: spec_cnn on ncmmsc_spec dataset with language awareness: False
2025-04-16 07:41:33,337 - INFO - Parameters: Epochs=30, Batch Size=8, LR=0.003, Weight Decay=1e-05
2025-04-16 07:41:33,337 - INFO - Continue Training: False, Patience: 10
2025-04-16 07:41:33,337 - INFO - ================================================================================
2025-04-16 07:41:33,347 - INFO - Using device: cuda

2025-04-16 07:41:33,347 - INFO - Loading dataset...
2025-04-16 07:41:33,348 - INFO - Dataset loaded - Train set: 224, Validation set: 28, Test set: 28

2025-04-16 07:41:33,348 - INFO - Using standard CrossEntropyLoss
2025-04-16 07:41:33,349 - INFO - Initializing model and optimizer...
2025-04-16 07:41:33,601 - INFO - No checkpoint found. Starting training from scratch.
2025-04-16 07:41:33,601 - INFO - Model and optimizer initialized.

2025-04-16 07:41:33,601 - INFO - TrainHandler initialized for model: spec_cnn with language awareness: False

2025-04-16 07:41:33,601 - INFO - Starting model training process
2025-04-16 07:41:33,601 - INFO - Starting training process for 30 epochs with patience 10

2025-04-16 07:41:33,601 - INFO - === Starting Epoch 1/30 ===
2025-04-16 07:41:33,601 - INFO - Starting training for epoch 1
2025-04-16 07:41:35,334 - INFO - Epoch 1 completed - Train Loss: 0.6212, Train Acc: 72.32%
2025-04-16 07:41:35,334 - INFO - Starting validation for epoch 1
2025-04-16 07:41:35,694 - INFO - Epoch 1 validation - Val Loss: 0.8299, Val Acc: 50.00%

2025-04-16 07:41:35,695 - INFO - Saving model and training statistics to ../models/spec_cnn/ncmmsc_spec
2025-04-16 07:41:35,711 - INFO - Model checkpoint saved at epoch 1 with validation loss: 0.8299

2025-04-16 07:41:35,711 - INFO - New best model saved at epoch 1 with validation loss: 0.8299
2025-04-16 07:41:35,711 - INFO - === Completed Epoch 1/30 ===

2025-04-16 07:41:35,711 - INFO - === Starting Epoch 2/30 ===
2025-04-16 07:41:35,711 - INFO - Starting training for epoch 2
2025-04-16 07:41:36,876 - INFO - Epoch 2 completed - Train Loss: 0.5534, Train Acc: 73.66%
2025-04-16 07:41:36,877 - INFO - Starting validation for epoch 2
2025-04-16 07:41:37,215 - INFO - Epoch 2 validation - Val Loss: 0.7841, Val Acc: 53.57%

2025-04-16 07:41:37,216 - INFO - Saving model and training statistics to ../models/spec_cnn/ncmmsc_spec
2025-04-16 07:41:37,232 - INFO - Model checkpoint saved at epoch 2 with validation loss: 0.7841

2025-04-16 07:41:37,232 - INFO - New best model saved at epoch 2 with validation loss: 0.7841
2025-04-16 07:41:37,232 - INFO - === Completed Epoch 2/30 ===

2025-04-16 07:41:37,232 - INFO - === Starting Epoch 3/30 ===
2025-04-16 07:41:37,232 - INFO - Starting training for epoch 3
2025-04-16 07:41:38,409 - INFO - Epoch 3 completed - Train Loss: 0.5295, Train Acc: 75.89%
2025-04-16 07:41:38,409 - INFO - Starting validation for epoch 3
2025-04-16 07:41:38,754 - INFO - Epoch 3 validation - Val Loss: 0.4314, Val Acc: 78.57%

2025-04-16 07:41:38,755 - INFO - Saving model and training statistics to ../models/spec_cnn/ncmmsc_spec
2025-04-16 07:41:38,772 - INFO - Model checkpoint saved at epoch 3 with validation loss: 0.4314

2025-04-16 07:41:38,772 - INFO - New best model saved at epoch 3 with validation loss: 0.4314
2025-04-16 07:41:38,772 - INFO - === Completed Epoch 3/30 ===

2025-04-16 07:41:38,772 - INFO - === Starting Epoch 4/30 ===
2025-04-16 07:41:38,772 - INFO - Starting training for epoch 4
2025-04-16 07:41:39,923 - INFO - Epoch 4 completed - Train Loss: 0.4658, Train Acc: 79.91%
2025-04-16 07:41:39,924 - INFO - Starting validation for epoch 4
2025-04-16 07:41:40,243 - INFO - Epoch 4 validation - Val Loss: 0.3113, Val Acc: 85.71%

2025-04-16 07:41:40,244 - INFO - Saving model and training statistics to ../models/spec_cnn/ncmmsc_spec
2025-04-16 07:41:40,260 - INFO - Model checkpoint saved at epoch 4 with validation loss: 0.3113

2025-04-16 07:41:40,261 - INFO - New best model saved at epoch 4 with validation loss: 0.3113
2025-04-16 07:41:40,261 - INFO - === Completed Epoch 4/30 ===

2025-04-16 07:41:40,261 - INFO - === Starting Epoch 5/30 ===
2025-04-16 07:41:40,261 - INFO - Starting training for epoch 5
2025-04-16 07:41:41,421 - INFO - Epoch 5 completed - Train Loss: 0.4402, Train Acc: 81.70%
2025-04-16 07:41:41,421 - INFO - Starting validation for epoch 5
2025-04-16 07:41:41,761 - INFO - Epoch 5 validation - Val Loss: 0.4738, Val Acc: 85.71%

2025-04-16 07:41:41,761 - INFO - No improvement for 1 epochs. Best val loss: 0.3113 at epoch 4
2025-04-16 07:41:41,761 - INFO - === Completed Epoch 5/30 ===

2025-04-16 07:41:41,761 - INFO - === Starting Epoch 6/30 ===
2025-04-16 07:41:41,761 - INFO - Starting training for epoch 6
2025-04-16 07:41:42,934 - INFO - Epoch 6 completed - Train Loss: 0.4849, Train Acc: 80.80%
2025-04-16 07:41:42,934 - INFO - Starting validation for epoch 6
2025-04-16 07:41:43,271 - INFO - Epoch 6 validation - Val Loss: 0.3415, Val Acc: 85.71%

2025-04-16 07:41:43,272 - INFO - No improvement for 2 epochs. Best val loss: 0.3113 at epoch 4
2025-04-16 07:41:43,272 - INFO - === Completed Epoch 6/30 ===

2025-04-16 07:41:43,272 - INFO - === Starting Epoch 7/30 ===
2025-04-16 07:41:43,272 - INFO - Starting training for epoch 7
2025-04-16 07:41:44,441 - INFO - Epoch 7 completed - Train Loss: 0.4420, Train Acc: 80.36%
2025-04-16 07:41:44,441 - INFO - Starting validation for epoch 7
2025-04-16 07:41:44,765 - INFO - Epoch 7 validation - Val Loss: 0.8162, Val Acc: 53.57%

2025-04-16 07:41:44,766 - INFO - Learning rate adjusted from 0.003 to 0.0015
2025-04-16 07:41:44,766 - INFO - No improvement for 3 epochs. Best val loss: 0.3113 at epoch 4
2025-04-16 07:41:44,766 - INFO - === Completed Epoch 7/30 ===

2025-04-16 07:41:44,766 - INFO - === Starting Epoch 8/30 ===
2025-04-16 07:41:44,766 - INFO - Starting training for epoch 8
2025-04-16 07:41:45,914 - INFO - Epoch 8 completed - Train Loss: 0.4053, Train Acc: 82.14%
2025-04-16 07:41:45,914 - INFO - Starting validation for epoch 8
2025-04-16 07:41:46,219 - INFO - Epoch 8 validation - Val Loss: 0.5954, Val Acc: 71.43%

2025-04-16 07:41:46,220 - INFO - No improvement for 4 epochs. Best val loss: 0.3113 at epoch 4
2025-04-16 07:41:46,220 - INFO - === Completed Epoch 8/30 ===

2025-04-16 07:41:46,220 - INFO - === Starting Epoch 9/30 ===
2025-04-16 07:41:46,220 - INFO - Starting training for epoch 9
2025-04-16 07:41:47,327 - INFO - Epoch 9 completed - Train Loss: 0.3822, Train Acc: 82.59%
2025-04-16 07:41:47,328 - INFO - Starting validation for epoch 9
2025-04-16 07:41:47,649 - INFO - Epoch 9 validation - Val Loss: 0.3927, Val Acc: 75.00%

2025-04-16 07:41:47,649 - INFO - No improvement for 5 epochs. Best val loss: 0.3113 at epoch 4
2025-04-16 07:41:47,649 - INFO - === Completed Epoch 9/30 ===

2025-04-16 07:41:47,649 - INFO - === Starting Epoch 10/30 ===
2025-04-16 07:41:47,649 - INFO - Starting training for epoch 10
2025-04-16 07:41:48,812 - INFO - Epoch 10 completed - Train Loss: 0.4177, Train Acc: 80.36%
2025-04-16 07:41:48,812 - INFO - Starting validation for epoch 10
2025-04-16 07:41:49,129 - INFO - Epoch 10 validation - Val Loss: 0.3892, Val Acc: 82.14%

2025-04-16 07:41:49,129 - INFO - Learning rate adjusted from 0.0015 to 0.00075
2025-04-16 07:41:49,129 - INFO - No improvement for 6 epochs. Best val loss: 0.3113 at epoch 4
2025-04-16 07:41:49,129 - INFO - === Completed Epoch 10/30 ===

2025-04-16 07:41:49,129 - INFO - === Starting Epoch 11/30 ===
2025-04-16 07:41:49,129 - INFO - Starting training for epoch 11
2025-04-16 07:41:50,294 - INFO - Epoch 11 completed - Train Loss: 0.3605, Train Acc: 83.04%
2025-04-16 07:41:50,295 - INFO - Starting validation for epoch 11
2025-04-16 07:41:50,639 - INFO - Epoch 11 validation - Val Loss: 0.3713, Val Acc: 78.57%

2025-04-16 07:41:50,640 - INFO - No improvement for 7 epochs. Best val loss: 0.3113 at epoch 4
2025-04-16 07:41:50,640 - INFO - === Completed Epoch 11/30 ===

2025-04-16 07:41:50,640 - INFO - === Starting Epoch 12/30 ===
2025-04-16 07:41:50,640 - INFO - Starting training for epoch 12
2025-04-16 07:41:51,824 - INFO - Epoch 12 completed - Train Loss: 0.3435, Train Acc: 83.93%
2025-04-16 07:41:51,824 - INFO - Starting validation for epoch 12
2025-04-16 07:41:52,143 - INFO - Epoch 12 validation - Val Loss: 0.2960, Val Acc: 85.71%

2025-04-16 07:41:52,144 - INFO - Saving model and training statistics to ../models/spec_cnn/ncmmsc_spec
2025-04-16 07:41:52,162 - INFO - Model checkpoint saved at epoch 12 with validation loss: 0.2960

2025-04-16 07:41:52,162 - INFO - New best model saved at epoch 12 with validation loss: 0.2960
2025-04-16 07:41:52,162 - INFO - === Completed Epoch 12/30 ===

2025-04-16 07:41:52,162 - INFO - === Starting Epoch 13/30 ===
2025-04-16 07:41:52,162 - INFO - Starting training for epoch 13
2025-04-16 07:41:53,304 - INFO - Epoch 13 completed - Train Loss: 0.3312, Train Acc: 82.59%
2025-04-16 07:41:53,304 - INFO - Starting validation for epoch 13
2025-04-16 07:41:53,645 - INFO - Epoch 13 validation - Val Loss: 0.3332, Val Acc: 82.14%

2025-04-16 07:41:53,645 - INFO - No improvement for 1 epochs. Best val loss: 0.2960 at epoch 12
2025-04-16 07:41:53,645 - INFO - === Completed Epoch 13/30 ===

2025-04-16 07:41:53,645 - INFO - === Starting Epoch 14/30 ===
2025-04-16 07:41:53,646 - INFO - Starting training for epoch 14
2025-04-16 07:41:54,834 - INFO - Epoch 14 completed - Train Loss: 0.2919, Train Acc: 85.71%
2025-04-16 07:41:54,834 - INFO - Starting validation for epoch 14
2025-04-16 07:41:55,188 - INFO - Epoch 14 validation - Val Loss: 0.3384, Val Acc: 82.14%

2025-04-16 07:41:55,189 - INFO - No improvement for 2 epochs. Best val loss: 0.2960 at epoch 12
2025-04-16 07:41:55,189 - INFO - === Completed Epoch 14/30 ===

2025-04-16 07:41:55,189 - INFO - === Starting Epoch 15/30 ===
2025-04-16 07:41:55,189 - INFO - Starting training for epoch 15
2025-04-16 07:41:56,351 - INFO - Epoch 15 completed - Train Loss: 0.3119, Train Acc: 83.93%
2025-04-16 07:41:56,351 - INFO - Starting validation for epoch 15
2025-04-16 07:41:56,688 - INFO - Epoch 15 validation - Val Loss: 0.3390, Val Acc: 82.14%

2025-04-16 07:41:56,688 - INFO - Learning rate adjusted from 0.00075 to 0.000375
2025-04-16 07:41:56,689 - INFO - No improvement for 3 epochs. Best val loss: 0.2960 at epoch 12
2025-04-16 07:41:56,689 - INFO - === Completed Epoch 15/30 ===

2025-04-16 07:41:56,689 - INFO - === Starting Epoch 16/30 ===
2025-04-16 07:41:56,689 - INFO - Starting training for epoch 16
2025-04-16 07:41:57,835 - INFO - Epoch 16 completed - Train Loss: 0.2893, Train Acc: 87.05%
2025-04-16 07:41:57,835 - INFO - Starting validation for epoch 16
2025-04-16 07:41:58,140 - INFO - Epoch 16 validation - Val Loss: 0.3132, Val Acc: 89.29%

2025-04-16 07:41:58,140 - INFO - No improvement for 4 epochs. Best val loss: 0.2960 at epoch 12
2025-04-16 07:41:58,140 - INFO - === Completed Epoch 16/30 ===

2025-04-16 07:41:58,140 - INFO - === Starting Epoch 17/30 ===
2025-04-16 07:41:58,140 - INFO - Starting training for epoch 17
2025-04-16 07:41:59,300 - INFO - Epoch 17 completed - Train Loss: 0.2715, Train Acc: 86.61%
2025-04-16 07:41:59,301 - INFO - Starting validation for epoch 17
2025-04-16 07:41:59,639 - INFO - Epoch 17 validation - Val Loss: 0.3108, Val Acc: 89.29%

2025-04-16 07:41:59,639 - INFO - No improvement for 5 epochs. Best val loss: 0.2960 at epoch 12
2025-04-16 07:41:59,639 - INFO - === Completed Epoch 17/30 ===

2025-04-16 07:41:59,639 - INFO - === Starting Epoch 18/30 ===
2025-04-16 07:41:59,639 - INFO - Starting training for epoch 18
2025-04-16 07:42:00,810 - INFO - Epoch 18 completed - Train Loss: 0.2912, Train Acc: 86.16%
2025-04-16 07:42:00,810 - INFO - Starting validation for epoch 18
2025-04-16 07:42:01,158 - INFO - Epoch 18 validation - Val Loss: 0.2829, Val Acc: 85.71%

2025-04-16 07:42:01,158 - INFO - Saving model and training statistics to ../models/spec_cnn/ncmmsc_spec
2025-04-16 07:42:01,175 - INFO - Model checkpoint saved at epoch 18 with validation loss: 0.2829

2025-04-16 07:42:01,175 - INFO - New best model saved at epoch 18 with validation loss: 0.2829
2025-04-16 07:42:01,175 - INFO - === Completed Epoch 18/30 ===

2025-04-16 07:42:01,175 - INFO - === Starting Epoch 19/30 ===
2025-04-16 07:42:01,175 - INFO - Starting training for epoch 19
2025-04-16 07:42:02,361 - INFO - Epoch 19 completed - Train Loss: 0.3127, Train Acc: 84.82%
2025-04-16 07:42:02,361 - INFO - Starting validation for epoch 19
2025-04-16 07:42:02,715 - INFO - Epoch 19 validation - Val Loss: 0.2478, Val Acc: 85.71%

2025-04-16 07:42:02,716 - INFO - Saving model and training statistics to ../models/spec_cnn/ncmmsc_spec
2025-04-16 07:42:02,732 - INFO - Model checkpoint saved at epoch 19 with validation loss: 0.2478

2025-04-16 07:42:02,732 - INFO - New best model saved at epoch 19 with validation loss: 0.2478
2025-04-16 07:42:02,732 - INFO - === Completed Epoch 19/30 ===

2025-04-16 07:42:02,732 - INFO - === Starting Epoch 20/30 ===
2025-04-16 07:42:02,732 - INFO - Starting training for epoch 20
2025-04-16 07:42:03,872 - INFO - Epoch 20 completed - Train Loss: 0.2804, Train Acc: 87.05%
2025-04-16 07:42:03,872 - INFO - Starting validation for epoch 20
2025-04-16 07:42:04,203 - INFO - Epoch 20 validation - Val Loss: 0.3124, Val Acc: 85.71%

2025-04-16 07:42:04,203 - INFO - No improvement for 1 epochs. Best val loss: 0.2478 at epoch 19
2025-04-16 07:42:04,203 - INFO - === Completed Epoch 20/30 ===

2025-04-16 07:42:04,203 - INFO - === Starting Epoch 21/30 ===
2025-04-16 07:42:04,203 - INFO - Starting training for epoch 21
2025-04-16 07:42:05,369 - INFO - Epoch 21 completed - Train Loss: 0.2530, Train Acc: 87.05%
2025-04-16 07:42:05,370 - INFO - Starting validation for epoch 21
2025-04-16 07:42:05,719 - INFO - Epoch 21 validation - Val Loss: 0.2768, Val Acc: 85.71%

2025-04-16 07:42:05,720 - INFO - No improvement for 2 epochs. Best val loss: 0.2478 at epoch 19
2025-04-16 07:42:05,720 - INFO - === Completed Epoch 21/30 ===

2025-04-16 07:42:05,720 - INFO - === Starting Epoch 22/30 ===
2025-04-16 07:42:05,720 - INFO - Starting training for epoch 22
2025-04-16 07:42:06,874 - INFO - Epoch 22 completed - Train Loss: 0.2619, Train Acc: 86.16%
2025-04-16 07:42:06,874 - INFO - Starting validation for epoch 22
2025-04-16 07:42:07,221 - INFO - Epoch 22 validation - Val Loss: 0.3069, Val Acc: 82.14%

2025-04-16 07:42:07,221 - INFO - Learning rate adjusted from 0.000375 to 0.0001875
2025-04-16 07:42:07,221 - INFO - No improvement for 3 epochs. Best val loss: 0.2478 at epoch 19
2025-04-16 07:42:07,221 - INFO - === Completed Epoch 22/30 ===

2025-04-16 07:42:07,221 - INFO - === Starting Epoch 23/30 ===
2025-04-16 07:42:07,221 - INFO - Starting training for epoch 23
2025-04-16 07:42:08,372 - INFO - Epoch 23 completed - Train Loss: 0.2876, Train Acc: 87.05%
2025-04-16 07:42:08,373 - INFO - Starting validation for epoch 23
2025-04-16 07:42:08,696 - INFO - Epoch 23 validation - Val Loss: 0.3007, Val Acc: 85.71%

2025-04-16 07:42:08,696 - INFO - No improvement for 4 epochs. Best val loss: 0.2478 at epoch 19
2025-04-16 07:42:08,696 - INFO - === Completed Epoch 23/30 ===

2025-04-16 07:42:08,696 - INFO - === Starting Epoch 24/30 ===
2025-04-16 07:42:08,696 - INFO - Starting training for epoch 24
2025-04-16 07:42:09,852 - INFO - Epoch 24 completed - Train Loss: 0.2901, Train Acc: 86.61%
2025-04-16 07:42:09,852 - INFO - Starting validation for epoch 24
2025-04-16 07:42:10,195 - INFO - Epoch 24 validation - Val Loss: 0.6301, Val Acc: 67.86%

2025-04-16 07:42:10,196 - INFO - No improvement for 5 epochs. Best val loss: 0.2478 at epoch 19
2025-04-16 07:42:10,196 - INFO - === Completed Epoch 24/30 ===

2025-04-16 07:42:10,196 - INFO - === Starting Epoch 25/30 ===
2025-04-16 07:42:10,196 - INFO - Starting training for epoch 25
2025-04-16 07:42:11,353 - INFO - Epoch 25 completed - Train Loss: 0.2500, Train Acc: 86.16%
2025-04-16 07:42:11,354 - INFO - Starting validation for epoch 25
2025-04-16 07:42:11,671 - INFO - Epoch 25 validation - Val Loss: 0.3117, Val Acc: 75.00%

2025-04-16 07:42:11,671 - INFO - Learning rate adjusted from 0.0001875 to 9.375e-05
2025-04-16 07:42:11,671 - INFO - No improvement for 6 epochs. Best val loss: 0.2478 at epoch 19
2025-04-16 07:42:11,671 - INFO - === Completed Epoch 25/30 ===

2025-04-16 07:42:11,671 - INFO - === Starting Epoch 26/30 ===
2025-04-16 07:42:11,671 - INFO - Starting training for epoch 26
2025-04-16 07:42:12,827 - INFO - Epoch 26 completed - Train Loss: 0.2445, Train Acc: 87.50%
2025-04-16 07:42:12,827 - INFO - Starting validation for epoch 26
2025-04-16 07:42:13,156 - INFO - Epoch 26 validation - Val Loss: 0.2716, Val Acc: 85.71%

2025-04-16 07:42:13,156 - INFO - No improvement for 7 epochs. Best val loss: 0.2478 at epoch 19
2025-04-16 07:42:13,156 - INFO - === Completed Epoch 26/30 ===

2025-04-16 07:42:13,156 - INFO - === Starting Epoch 27/30 ===
2025-04-16 07:42:13,157 - INFO - Starting training for epoch 27
2025-04-16 07:42:14,328 - INFO - Epoch 27 completed - Train Loss: 0.2136, Train Acc: 88.39%
2025-04-16 07:42:14,329 - INFO - Starting validation for epoch 27
2025-04-16 07:42:14,673 - INFO - Epoch 27 validation - Val Loss: 0.2977, Val Acc: 85.71%

2025-04-16 07:42:14,674 - INFO - No improvement for 8 epochs. Best val loss: 0.2478 at epoch 19
2025-04-16 07:42:14,674 - INFO - === Completed Epoch 27/30 ===

2025-04-16 07:42:14,674 - INFO - === Starting Epoch 28/30 ===
2025-04-16 07:42:14,674 - INFO - Starting training for epoch 28
2025-04-16 07:42:15,807 - INFO - Epoch 28 completed - Train Loss: 0.2434, Train Acc: 87.50%
2025-04-16 07:42:15,807 - INFO - Starting validation for epoch 28
2025-04-16 07:42:16,151 - INFO - Epoch 28 validation - Val Loss: 0.3521, Val Acc: 75.00%

2025-04-16 07:42:16,151 - INFO - Learning rate adjusted from 9.375e-05 to 4.6875e-05
2025-04-16 07:42:16,151 - INFO - No improvement for 9 epochs. Best val loss: 0.2478 at epoch 19
2025-04-16 07:42:16,151 - INFO - === Completed Epoch 28/30 ===

2025-04-16 07:42:16,151 - INFO - === Starting Epoch 29/30 ===
2025-04-16 07:42:16,151 - INFO - Starting training for epoch 29
2025-04-16 07:42:17,310 - INFO - Epoch 29 completed - Train Loss: 0.2271, Train Acc: 91.07%
2025-04-16 07:42:17,310 - INFO - Starting validation for epoch 29
2025-04-16 07:42:17,641 - INFO - Epoch 29 validation - Val Loss: 0.2772, Val Acc: 82.14%

2025-04-16 07:42:17,641 - INFO - No improvement for 10 epochs. Best val loss: 0.2478 at epoch 19
2025-04-16 07:42:17,641 - INFO - Early stopping triggered after 29 epochs

2025-04-16 07:42:17,641 - INFO - Training completed. Best validation loss: 0.2478 at epoch 19

2025-04-16 07:42:17,641 - INFO - Training completed. Starting model evaluation
2025-04-16 07:42:17,641 - INFO - Starting model evaluation on test set
2025-04-16 07:42:17,958 - INFO - Test Evaluation Results:
2025-04-16 07:42:17,958 - INFO - Test Accuracy: 85.71%
2025-04-16 07:42:17,958 - INFO - Precision: 0.8000
2025-04-16 07:42:17,958 - INFO - Recall: 0.8000
2025-04-16 07:42:17,958 - INFO - F1 Score: 0.8000
2025-04-16 07:42:17,958 - INFO - Generating confusion matrix
2025-04-16 07:42:18,063 - INFO - Confusion matrix saved to ../models/spec_cnn/ncmmsc_spec/confusion_matrix.png
2025-04-16 07:42:18,063 - INFO - Generating training history plots
2025-04-16 07:42:18,276 - INFO - Training history plots saved to ../models/spec_cnn/ncmmsc_spec/training_history.png
2025-04-16 07:42:18,276 - INFO - ================================================================================
2025-04-16 07:42:18,276 - INFO - TRAINING SUMMARY:
2025-04-16 07:42:18,276 - INFO - Model: spec_cnn on ncmmsc_spec dataset
2025-04-16 07:42:18,276 - INFO - Best validation loss: 0.2478 achieved at epoch 19
2025-04-16 07:42:18,276 - INFO - Final training accuracy: 91.07%
2025-04-16 07:42:18,276 - INFO - Final validation accuracy: 82.14%
2025-04-16 07:42:18,276 - INFO - Model saved at: ../models/spec_cnn/ncmmsc_spec
2025-04-16 07:42:18,276 - INFO - Training completed successfully
2025-04-16 07:42:18,276 - INFO - ================================================================================
