2025-04-16 19:48:51,250 - INFO - ================================================================================
2025-04-16 19:48:51,250 - INFO - NEW TRAINING RUN: wav2vec2_nn on all dataset with language awareness: False
2025-04-16 19:48:51,250 - INFO - Parameters: Epochs=10, Batch Size=16, LR=0.003, Weight Decay=1e-05
2025-04-16 19:48:51,250 - INFO - Continue Training: False, Patience: 3
2025-04-16 19:48:51,250 - INFO - ================================================================================
2025-04-16 19:48:51,261 - INFO - Using device: cuda

2025-04-16 19:48:51,261 - INFO - Loading dataset...
2025-04-16 19:49:22,810 - INFO - Dataset loaded - Train set: 10368, Validation set: 1296, Test set: 1296

2025-04-16 19:49:22,810 - INFO - Using standard CrossEntropyLoss
2025-04-16 19:49:22,810 - INFO - Initializing model and optimizer...
2025-04-16 19:49:23,114 - INFO - No checkpoint found. Starting training from scratch.
2025-04-16 19:49:23,115 - INFO - Model and optimizer initialized.

2025-04-16 19:49:23,115 - INFO - TrainHandler initialized for model: wav2vec2_nn with language awareness: False

2025-04-16 19:49:23,115 - INFO - Starting model training process
2025-04-16 19:49:23,115 - INFO - Starting training process for 10 epochs with patience 3

2025-04-16 19:49:23,115 - INFO - === Starting Epoch 1/10 ===
2025-04-16 19:49:23,115 - INFO - Starting training for epoch 1
2025-04-16 19:53:33,034 - INFO - Epoch 1 completed - Train Loss: 0.7039, Train Acc: 57.73%
2025-04-16 19:53:33,034 - INFO - Starting validation for epoch 1
2025-04-16 19:54:05,254 - INFO - Epoch 1 validation - Val Loss: 0.6723, Val Acc: 60.80%

2025-04-16 19:54:05,256 - INFO - Saving model and training statistics to ../models/wav2vec2_nn/all
2025-04-16 19:54:07,458 - INFO - Model checkpoint saved at epoch 1 with validation loss: 0.6723

2025-04-16 19:54:07,458 - INFO - New best model saved at epoch 1 with validation loss: 0.6723
2025-04-16 19:54:07,458 - INFO - === Completed Epoch 1/10 ===

2025-04-16 19:54:07,458 - INFO - === Starting Epoch 2/10 ===
2025-04-16 19:54:07,458 - INFO - Starting training for epoch 2
2025-04-16 19:58:20,499 - INFO - Epoch 2 completed - Train Loss: 0.7174, Train Acc: 58.16%
2025-04-16 19:58:20,499 - INFO - Starting validation for epoch 2
2025-04-16 19:58:52,860 - INFO - Epoch 2 validation - Val Loss: 0.6700, Val Acc: 60.80%

2025-04-16 19:58:52,862 - INFO - Saving model and training statistics to ../models/wav2vec2_nn/all
2025-04-16 19:59:10,177 - INFO - Model checkpoint saved at epoch 2 with validation loss: 0.6700

2025-04-16 19:59:10,177 - INFO - New best model saved at epoch 2 with validation loss: 0.6700
2025-04-16 19:59:10,177 - INFO - === Completed Epoch 2/10 ===

2025-04-16 19:59:10,177 - INFO - === Starting Epoch 3/10 ===
2025-04-16 19:59:10,177 - INFO - Starting training for epoch 3
2025-04-16 20:03:21,318 - INFO - Epoch 3 completed - Train Loss: 1.0804, Train Acc: 58.14%
2025-04-16 20:03:21,319 - INFO - Starting validation for epoch 3
2025-04-16 20:03:53,681 - INFO - Epoch 3 validation - Val Loss: 0.6711, Val Acc: 60.80%

2025-04-16 20:03:53,681 - INFO - No improvement for 1 epochs. Best val loss: 0.6700 at epoch 2
2025-04-16 20:03:53,681 - INFO - === Completed Epoch 3/10 ===

2025-04-16 20:03:53,681 - INFO - === Starting Epoch 4/10 ===
2025-04-16 20:03:53,681 - INFO - Starting training for epoch 4
2025-04-16 20:08:01,591 - INFO - Epoch 4 completed - Train Loss: 0.7218, Train Acc: 58.59%
2025-04-16 20:08:01,592 - INFO - Starting validation for epoch 4
2025-04-16 20:08:33,955 - INFO - Epoch 4 validation - Val Loss: 0.6713, Val Acc: 60.80%

2025-04-16 20:08:33,955 - INFO - No improvement for 2 epochs. Best val loss: 0.6700 at epoch 2
2025-04-16 20:08:33,955 - INFO - === Completed Epoch 4/10 ===

2025-04-16 20:08:33,955 - INFO - === Starting Epoch 5/10 ===
2025-04-16 20:08:33,955 - INFO - Starting training for epoch 5
2025-04-16 20:12:46,530 - INFO - Epoch 5 completed - Train Loss: 0.9510, Train Acc: 58.18%
2025-04-16 20:12:46,531 - INFO - Starting validation for epoch 5
2025-04-16 20:13:18,967 - INFO - Epoch 5 validation - Val Loss: 0.6699, Val Acc: 60.80%

2025-04-16 20:13:18,969 - INFO - Saving model and training statistics to ../models/wav2vec2_nn/all
2025-04-16 20:13:36,060 - INFO - Model checkpoint saved at epoch 5 with validation loss: 0.6699

2025-04-16 20:13:36,060 - INFO - New best model saved at epoch 5 with validation loss: 0.6699
2025-04-16 20:13:36,060 - INFO - === Completed Epoch 5/10 ===

2025-04-16 20:13:36,060 - INFO - === Starting Epoch 6/10 ===
2025-04-16 20:13:36,060 - INFO - Starting training for epoch 6
2025-04-16 20:17:47,709 - INFO - Epoch 6 completed - Train Loss: 0.6780, Train Acc: 58.80%
2025-04-16 20:17:47,710 - INFO - Starting validation for epoch 6
2025-04-16 20:18:20,069 - INFO - Epoch 6 validation - Val Loss: 0.6705, Val Acc: 60.80%

2025-04-16 20:18:20,069 - INFO - No improvement for 1 epochs. Best val loss: 0.6699 at epoch 5
2025-04-16 20:18:20,069 - INFO - === Completed Epoch 6/10 ===

2025-04-16 20:18:20,069 - INFO - === Starting Epoch 7/10 ===
2025-04-16 20:18:20,069 - INFO - Starting training for epoch 7
2025-04-16 20:22:29,035 - INFO - Epoch 7 completed - Train Loss: 0.6773, Train Acc: 58.83%
2025-04-16 20:22:29,035 - INFO - Starting validation for epoch 7
2025-04-16 20:23:01,198 - INFO - Epoch 7 validation - Val Loss: 0.6710, Val Acc: 60.80%

2025-04-16 20:23:01,199 - INFO - No improvement for 2 epochs. Best val loss: 0.6699 at epoch 5
2025-04-16 20:23:01,199 - INFO - === Completed Epoch 7/10 ===

2025-04-16 20:23:01,199 - INFO - === Starting Epoch 8/10 ===
2025-04-16 20:23:01,199 - INFO - Starting training for epoch 8
2025-04-16 20:27:12,226 - INFO - Epoch 8 completed - Train Loss: 0.8827, Train Acc: 58.62%
2025-04-16 20:27:12,226 - INFO - Starting validation for epoch 8
2025-04-16 20:27:44,600 - INFO - Epoch 8 validation - Val Loss: 0.6700, Val Acc: 60.80%

2025-04-16 20:27:44,601 - INFO - Learning rate adjusted from 0.003 to 0.0015
2025-04-16 20:27:44,601 - INFO - No improvement for 3 epochs. Best val loss: 0.6699 at epoch 5
2025-04-16 20:27:44,601 - INFO - Early stopping triggered after 8 epochs

2025-04-16 20:27:44,601 - INFO - Training completed. Best validation loss: 0.6699 at epoch 5

2025-04-16 20:27:44,601 - INFO - Training completed. Starting model evaluation
2025-04-16 20:27:44,601 - INFO - Starting model evaluation on test set
2025-04-16 20:28:14,825 - INFO - Test Evaluation Results:
2025-04-16 20:28:14,825 - INFO - Test Accuracy: 58.18%
2025-04-16 20:28:14,825 - INFO - Precision: 0.0000
2025-04-16 20:28:14,825 - INFO - Recall: 0.0000
2025-04-16 20:28:14,825 - INFO - F1 Score: 0.0000
2025-04-16 20:28:14,825 - INFO - Generating confusion matrix
2025-04-16 20:28:14,921 - INFO - Confusion matrix saved to ../models/wav2vec2_nn/all/confusion_matrix.png
2025-04-16 20:28:14,921 - INFO - Generating training history plots
2025-04-16 20:28:15,122 - INFO - Training history plots saved to ../models/wav2vec2_nn/all/training_history.png
2025-04-16 20:28:15,122 - INFO - ================================================================================
2025-04-16 20:28:15,122 - INFO - TRAINING SUMMARY:
2025-04-16 20:28:15,122 - INFO - Model: wav2vec2_nn on all dataset
2025-04-16 20:28:15,122 - INFO - Best validation loss: 0.6699 achieved at epoch 5
2025-04-16 20:28:15,122 - INFO - Final training accuracy: 58.62%
2025-04-16 20:28:15,122 - INFO - Final validation accuracy: 60.80%
2025-04-16 20:28:15,122 - INFO - Model saved at: ../models/wav2vec2_nn/all
2025-04-16 20:28:15,122 - INFO - Training completed successfully
2025-04-16 20:28:15,122 - INFO - ================================================================================
