2025-04-16 12:16:56,369 - INFO - ================================================================================
2025-04-16 12:16:56,369 - INFO - NEW TRAINING RUN: wavenet on adress dataset with language awareness: False
2025-04-16 12:16:56,369 - INFO - Parameters: Epochs=10, Batch Size=16, LR=0.003, Weight Decay=1e-05
2025-04-16 12:16:56,369 - INFO - Continue Training: False, Patience: 3
2025-04-16 12:16:56,369 - INFO - ================================================================================
2025-04-16 12:16:56,380 - INFO - Using device: cuda

2025-04-16 12:16:56,380 - INFO - Loading dataset...
2025-04-16 12:17:27,201 - INFO - Dataset loaded - Train set: 5734, Validation set: 716, Test set: 718

2025-04-16 12:17:27,201 - INFO - Using standard CrossEntropyLoss
2025-04-16 12:17:27,201 - INFO - Initializing model and optimizer...
2025-04-16 12:17:27,302 - INFO - No checkpoint found. Starting training from scratch.
2025-04-16 12:17:27,303 - INFO - Model and optimizer initialized.

2025-04-16 12:17:27,303 - INFO - TrainHandler initialized for model: wavenet with language awareness: False

2025-04-16 12:17:27,303 - INFO - Starting model training process
2025-04-16 12:17:27,303 - INFO - Starting training process for 10 epochs with patience 3

2025-04-16 12:17:27,303 - INFO - === Starting Epoch 1/10 ===
2025-04-16 12:17:27,303 - INFO - Starting training for epoch 1
2025-04-16 12:21:23,846 - INFO - Epoch 1 completed - Train Loss: 0.6796, Train Acc: 58.41%
2025-04-16 12:21:23,846 - INFO - Starting validation for epoch 1
2025-04-16 12:21:55,207 - INFO - Epoch 1 validation - Val Loss: 0.6794, Val Acc: 58.94%

2025-04-16 12:21:55,208 - INFO - Saving model and training statistics to ../models/wavenet/adress
2025-04-16 12:21:55,235 - INFO - Model checkpoint saved at epoch 1 with validation loss: 0.6794

2025-04-16 12:21:55,235 - INFO - New best model saved at epoch 1 with validation loss: 0.6794
2025-04-16 12:21:55,235 - INFO - === Completed Epoch 1/10 ===

2025-04-16 12:21:55,235 - INFO - === Starting Epoch 2/10 ===
2025-04-16 12:21:55,235 - INFO - Starting training for epoch 2
2025-04-16 12:25:49,508 - INFO - Epoch 2 completed - Train Loss: 0.6728, Train Acc: 60.03%
2025-04-16 12:25:49,508 - INFO - Starting validation for epoch 2
2025-04-16 12:26:20,836 - INFO - Epoch 2 validation - Val Loss: 0.6758, Val Acc: 58.94%

2025-04-16 12:26:20,837 - INFO - Saving model and training statistics to ../models/wavenet/adress
2025-04-16 12:26:20,864 - INFO - Model checkpoint saved at epoch 2 with validation loss: 0.6758

2025-04-16 12:26:20,865 - INFO - New best model saved at epoch 2 with validation loss: 0.6758
2025-04-16 12:26:20,865 - INFO - === Completed Epoch 2/10 ===

2025-04-16 12:26:20,865 - INFO - === Starting Epoch 3/10 ===
2025-04-16 12:26:20,865 - INFO - Starting training for epoch 3
2025-04-16 12:30:15,146 - INFO - Epoch 3 completed - Train Loss: 0.6699, Train Acc: 60.08%
2025-04-16 12:30:15,146 - INFO - Starting validation for epoch 3
2025-04-16 12:30:46,418 - INFO - Epoch 3 validation - Val Loss: 0.6744, Val Acc: 59.36%

2025-04-16 12:30:46,420 - INFO - Saving model and training statistics to ../models/wavenet/adress
2025-04-16 12:30:46,447 - INFO - Model checkpoint saved at epoch 3 with validation loss: 0.6744

2025-04-16 12:30:46,447 - INFO - New best model saved at epoch 3 with validation loss: 0.6744
2025-04-16 12:30:46,447 - INFO - === Completed Epoch 3/10 ===

2025-04-16 12:30:46,447 - INFO - === Starting Epoch 4/10 ===
2025-04-16 12:30:46,447 - INFO - Starting training for epoch 4
2025-04-16 12:34:41,447 - INFO - Epoch 4 completed - Train Loss: 0.6705, Train Acc: 60.45%
2025-04-16 12:34:41,448 - INFO - Starting validation for epoch 4
2025-04-16 12:35:12,672 - INFO - Epoch 4 validation - Val Loss: 0.6869, Val Acc: 58.94%

2025-04-16 12:35:12,672 - INFO - No improvement for 1 epochs. Best val loss: 0.6744 at epoch 3
2025-04-16 12:35:12,672 - INFO - === Completed Epoch 4/10 ===

2025-04-16 12:35:12,672 - INFO - === Starting Epoch 5/10 ===
2025-04-16 12:35:12,672 - INFO - Starting training for epoch 5
2025-04-16 12:39:05,237 - INFO - Epoch 5 completed - Train Loss: 0.6650, Train Acc: 61.06%
2025-04-16 12:39:05,237 - INFO - Starting validation for epoch 5
2025-04-16 12:39:36,556 - INFO - Epoch 5 validation - Val Loss: 0.6782, Val Acc: 58.94%

2025-04-16 12:39:36,556 - INFO - No improvement for 2 epochs. Best val loss: 0.6744 at epoch 3
2025-04-16 12:39:36,556 - INFO - === Completed Epoch 5/10 ===

2025-04-16 12:39:36,556 - INFO - === Starting Epoch 6/10 ===
2025-04-16 12:39:36,556 - INFO - Starting training for epoch 6
2025-04-16 12:43:31,495 - INFO - Epoch 6 completed - Train Loss: 0.6656, Train Acc: 60.87%
2025-04-16 12:43:31,496 - INFO - Starting validation for epoch 6
2025-04-16 12:44:02,826 - INFO - Epoch 6 validation - Val Loss: 0.6832, Val Acc: 58.94%

2025-04-16 12:44:02,826 - INFO - Learning rate adjusted from 0.003 to 0.0015
2025-04-16 12:44:02,826 - INFO - No improvement for 3 epochs. Best val loss: 0.6744 at epoch 3
2025-04-16 12:44:02,826 - INFO - Early stopping triggered after 6 epochs

2025-04-16 12:44:02,826 - INFO - Training completed. Best validation loss: 0.6744 at epoch 3

2025-04-16 12:44:02,826 - INFO - Training completed. Starting model evaluation
2025-04-16 12:44:02,826 - INFO - Starting model evaluation on test set
2025-04-16 12:44:34,266 - INFO - Test Evaluation Results:
2025-04-16 12:44:34,266 - INFO - Test Accuracy: 58.36%
2025-04-16 12:44:34,266 - INFO - Precision: 0.0000
2025-04-16 12:44:34,266 - INFO - Recall: 0.0000
2025-04-16 12:44:34,266 - INFO - F1 Score: 0.0000
2025-04-16 12:44:34,266 - INFO - Generating confusion matrix
2025-04-16 12:44:34,369 - INFO - Confusion matrix saved to ../models/wavenet/adress/confusion_matrix.png
2025-04-16 12:44:34,369 - INFO - Generating training history plots
2025-04-16 12:44:34,564 - INFO - Training history plots saved to ../models/wavenet/adress/training_history.png
2025-04-16 12:44:34,564 - INFO - ================================================================================
2025-04-16 12:44:34,564 - INFO - TRAINING SUMMARY:
2025-04-16 12:44:34,564 - INFO - Model: wavenet on adress dataset
2025-04-16 12:44:34,564 - INFO - Best validation loss: 0.6744 achieved at epoch 3
2025-04-16 12:44:34,564 - INFO - Final training accuracy: 60.87%
2025-04-16 12:44:34,564 - INFO - Final validation accuracy: 58.94%
2025-04-16 12:44:34,564 - INFO - Model saved at: ../models/wavenet/adress
2025-04-16 12:44:34,564 - INFO - Training completed successfully
2025-04-16 12:44:34,564 - INFO - ================================================================================
