2025-04-16 07:35:43,417 - INFO - ================================================================================
2025-04-16 07:35:43,417 - INFO - NEW TRAINING RUN: spec_cnn on all dataset with language awareness: False
2025-04-16 07:35:43,417 - INFO - Parameters: Epochs=30, Batch Size=8, LR=0.003, Weight Decay=1e-05
2025-04-16 07:35:43,417 - INFO - Continue Training: False, Patience: 10
2025-04-16 07:35:43,417 - INFO - ================================================================================
2025-04-16 07:35:43,428 - INFO - Using device: cuda

2025-04-16 07:35:43,428 - INFO - Loading dataset...
2025-04-16 07:35:43,442 - INFO - Dataset loaded - Train set: 413, Validation set: 51, Test set: 53

2025-04-16 07:35:43,442 - INFO - Using standard CrossEntropyLoss
2025-04-16 07:35:43,442 - INFO - Initializing model and optimizer...
2025-04-16 07:35:43,647 - INFO - No checkpoint found. Starting training from scratch.
2025-04-16 07:35:43,647 - INFO - Model and optimizer initialized.

2025-04-16 07:35:43,647 - INFO - TrainHandler initialized for model: spec_cnn with language awareness: False

2025-04-16 07:35:43,647 - INFO - Starting model training process
2025-04-16 07:35:43,647 - INFO - Starting training process for 30 epochs with patience 10

2025-04-16 07:35:43,647 - INFO - === Starting Epoch 1/30 ===
2025-04-16 07:35:43,647 - INFO - Starting training for epoch 1
2025-04-16 07:35:46,147 - INFO - Epoch 1 completed - Train Loss: 0.6860, Train Acc: 55.21%
2025-04-16 07:35:46,147 - INFO - Starting validation for epoch 1
2025-04-16 07:35:46,612 - INFO - Epoch 1 validation - Val Loss: 0.6865, Val Acc: 62.75%

2025-04-16 07:35:46,613 - INFO - Saving model and training statistics to ../models/spec_cnn/all
2025-04-16 07:35:46,629 - INFO - Model checkpoint saved at epoch 1 with validation loss: 0.6865

2025-04-16 07:35:46,629 - INFO - New best model saved at epoch 1 with validation loss: 0.6865
2025-04-16 07:35:46,629 - INFO - === Completed Epoch 1/30 ===

2025-04-16 07:35:46,629 - INFO - === Starting Epoch 2/30 ===
2025-04-16 07:35:46,629 - INFO - Starting training for epoch 2
2025-04-16 07:35:48,467 - INFO - Epoch 2 completed - Train Loss: 0.6816, Train Acc: 56.42%
2025-04-16 07:35:48,467 - INFO - Starting validation for epoch 2
2025-04-16 07:35:48,904 - INFO - Epoch 2 validation - Val Loss: 0.6234, Val Acc: 62.75%

2025-04-16 07:35:48,904 - INFO - Saving model and training statistics to ../models/spec_cnn/all
2025-04-16 07:35:48,921 - INFO - Model checkpoint saved at epoch 2 with validation loss: 0.6234

2025-04-16 07:35:48,921 - INFO - New best model saved at epoch 2 with validation loss: 0.6234
2025-04-16 07:35:48,921 - INFO - === Completed Epoch 2/30 ===

2025-04-16 07:35:48,921 - INFO - === Starting Epoch 3/30 ===
2025-04-16 07:35:48,921 - INFO - Starting training for epoch 3
2025-04-16 07:35:50,725 - INFO - Epoch 3 completed - Train Loss: 0.6793, Train Acc: 53.51%
2025-04-16 07:35:50,726 - INFO - Starting validation for epoch 3
2025-04-16 07:35:51,179 - INFO - Epoch 3 validation - Val Loss: 0.6371, Val Acc: 62.75%

2025-04-16 07:35:51,179 - INFO - No improvement for 1 epochs. Best val loss: 0.6234 at epoch 2
2025-04-16 07:35:51,179 - INFO - === Completed Epoch 3/30 ===

2025-04-16 07:35:51,180 - INFO - === Starting Epoch 4/30 ===
2025-04-16 07:35:51,180 - INFO - Starting training for epoch 4
2025-04-16 07:35:53,009 - INFO - Epoch 4 completed - Train Loss: 0.6749, Train Acc: 56.42%
2025-04-16 07:35:53,009 - INFO - Starting validation for epoch 4
2025-04-16 07:35:53,454 - INFO - Epoch 4 validation - Val Loss: 0.6308, Val Acc: 62.75%

2025-04-16 07:35:53,454 - INFO - No improvement for 2 epochs. Best val loss: 0.6234 at epoch 2
2025-04-16 07:35:53,454 - INFO - === Completed Epoch 4/30 ===

2025-04-16 07:35:53,454 - INFO - === Starting Epoch 5/30 ===
2025-04-16 07:35:53,454 - INFO - Starting training for epoch 5
2025-04-16 07:35:55,312 - INFO - Epoch 5 completed - Train Loss: 0.6736, Train Acc: 57.87%
2025-04-16 07:35:55,312 - INFO - Starting validation for epoch 5
2025-04-16 07:35:55,762 - INFO - Epoch 5 validation - Val Loss: 0.7087, Val Acc: 37.25%

2025-04-16 07:35:55,762 - INFO - Learning rate adjusted from 0.003 to 0.0015
2025-04-16 07:35:55,762 - INFO - No improvement for 3 epochs. Best val loss: 0.6234 at epoch 2
2025-04-16 07:35:55,762 - INFO - === Completed Epoch 5/30 ===

2025-04-16 07:35:55,762 - INFO - === Starting Epoch 6/30 ===
2025-04-16 07:35:55,762 - INFO - Starting training for epoch 6
2025-04-16 07:35:57,603 - INFO - Epoch 6 completed - Train Loss: 0.6677, Train Acc: 61.74%
2025-04-16 07:35:57,603 - INFO - Starting validation for epoch 6
2025-04-16 07:35:58,037 - INFO - Epoch 6 validation - Val Loss: 0.7974, Val Acc: 37.25%

2025-04-16 07:35:58,038 - INFO - No improvement for 4 epochs. Best val loss: 0.6234 at epoch 2
2025-04-16 07:35:58,038 - INFO - === Completed Epoch 6/30 ===

2025-04-16 07:35:58,038 - INFO - === Starting Epoch 7/30 ===
2025-04-16 07:35:58,038 - INFO - Starting training for epoch 7
2025-04-16 07:35:59,881 - INFO - Epoch 7 completed - Train Loss: 0.6663, Train Acc: 61.26%
2025-04-16 07:35:59,881 - INFO - Starting validation for epoch 7
2025-04-16 07:36:00,341 - INFO - Epoch 7 validation - Val Loss: 0.7462, Val Acc: 41.18%

2025-04-16 07:36:00,341 - INFO - No improvement for 5 epochs. Best val loss: 0.6234 at epoch 2
2025-04-16 07:36:00,341 - INFO - === Completed Epoch 7/30 ===

2025-04-16 07:36:00,341 - INFO - === Starting Epoch 8/30 ===
2025-04-16 07:36:00,341 - INFO - Starting training for epoch 8
2025-04-16 07:36:02,163 - INFO - Epoch 8 completed - Train Loss: 0.6649, Train Acc: 60.77%
2025-04-16 07:36:02,164 - INFO - Starting validation for epoch 8
2025-04-16 07:36:02,611 - INFO - Epoch 8 validation - Val Loss: 0.6918, Val Acc: 56.86%

2025-04-16 07:36:02,611 - INFO - Learning rate adjusted from 0.0015 to 0.00075
2025-04-16 07:36:02,611 - INFO - No improvement for 6 epochs. Best val loss: 0.6234 at epoch 2
2025-04-16 07:36:02,611 - INFO - === Completed Epoch 8/30 ===

2025-04-16 07:36:02,611 - INFO - === Starting Epoch 9/30 ===
2025-04-16 07:36:02,611 - INFO - Starting training for epoch 9
2025-04-16 07:36:04,454 - INFO - Epoch 9 completed - Train Loss: 0.6372, Train Acc: 68.04%
2025-04-16 07:36:04,454 - INFO - Starting validation for epoch 9
2025-04-16 07:36:04,907 - INFO - Epoch 9 validation - Val Loss: 0.5555, Val Acc: 70.59%

2025-04-16 07:36:04,907 - INFO - Saving model and training statistics to ../models/spec_cnn/all
2025-04-16 07:36:04,930 - INFO - Model checkpoint saved at epoch 9 with validation loss: 0.5555

2025-04-16 07:36:04,930 - INFO - New best model saved at epoch 9 with validation loss: 0.5555
2025-04-16 07:36:04,930 - INFO - === Completed Epoch 9/30 ===

2025-04-16 07:36:04,930 - INFO - === Starting Epoch 10/30 ===
2025-04-16 07:36:04,930 - INFO - Starting training for epoch 10
2025-04-16 07:36:06,753 - INFO - Epoch 10 completed - Train Loss: 0.6118, Train Acc: 70.22%
2025-04-16 07:36:06,754 - INFO - Starting validation for epoch 10
2025-04-16 07:36:07,196 - INFO - Epoch 10 validation - Val Loss: 0.5714, Val Acc: 66.67%

2025-04-16 07:36:07,196 - INFO - No improvement for 1 epochs. Best val loss: 0.5555 at epoch 9
2025-04-16 07:36:07,196 - INFO - === Completed Epoch 10/30 ===

2025-04-16 07:36:07,196 - INFO - === Starting Epoch 11/30 ===
2025-04-16 07:36:07,196 - INFO - Starting training for epoch 11
2025-04-16 07:36:09,044 - INFO - Epoch 11 completed - Train Loss: 0.6101, Train Acc: 68.28%
2025-04-16 07:36:09,044 - INFO - Starting validation for epoch 11
2025-04-16 07:36:09,486 - INFO - Epoch 11 validation - Val Loss: 0.5523, Val Acc: 66.67%

2025-04-16 07:36:09,486 - INFO - Saving model and training statistics to ../models/spec_cnn/all
2025-04-16 07:36:09,502 - INFO - Model checkpoint saved at epoch 11 with validation loss: 0.5523

2025-04-16 07:36:09,502 - INFO - New best model saved at epoch 11 with validation loss: 0.5523
2025-04-16 07:36:09,502 - INFO - === Completed Epoch 11/30 ===

2025-04-16 07:36:09,503 - INFO - === Starting Epoch 12/30 ===
2025-04-16 07:36:09,503 - INFO - Starting training for epoch 12
2025-04-16 07:36:11,324 - INFO - Epoch 12 completed - Train Loss: 0.5934, Train Acc: 70.70%
2025-04-16 07:36:11,324 - INFO - Starting validation for epoch 12
2025-04-16 07:36:11,771 - INFO - Epoch 12 validation - Val Loss: 0.6444, Val Acc: 68.63%

2025-04-16 07:36:11,771 - INFO - No improvement for 1 epochs. Best val loss: 0.5523 at epoch 11
2025-04-16 07:36:11,771 - INFO - === Completed Epoch 12/30 ===

2025-04-16 07:36:11,771 - INFO - === Starting Epoch 13/30 ===
2025-04-16 07:36:11,771 - INFO - Starting training for epoch 13
2025-04-16 07:36:13,622 - INFO - Epoch 13 completed - Train Loss: 0.5999, Train Acc: 69.25%
2025-04-16 07:36:13,622 - INFO - Starting validation for epoch 13
2025-04-16 07:36:14,086 - INFO - Epoch 13 validation - Val Loss: 2.2166, Val Acc: 41.18%

2025-04-16 07:36:14,086 - INFO - No improvement for 2 epochs. Best val loss: 0.5523 at epoch 11
2025-04-16 07:36:14,086 - INFO - === Completed Epoch 13/30 ===

2025-04-16 07:36:14,086 - INFO - === Starting Epoch 14/30 ===
2025-04-16 07:36:14,086 - INFO - Starting training for epoch 14
2025-04-16 07:36:15,909 - INFO - Epoch 14 completed - Train Loss: 0.5993, Train Acc: 68.28%
2025-04-16 07:36:15,909 - INFO - Starting validation for epoch 14
2025-04-16 07:36:16,355 - INFO - Epoch 14 validation - Val Loss: 0.5661, Val Acc: 66.67%

2025-04-16 07:36:16,355 - INFO - Learning rate adjusted from 0.00075 to 0.000375
2025-04-16 07:36:16,355 - INFO - No improvement for 3 epochs. Best val loss: 0.5523 at epoch 11
2025-04-16 07:36:16,356 - INFO - === Completed Epoch 14/30 ===

2025-04-16 07:36:16,356 - INFO - === Starting Epoch 15/30 ===
2025-04-16 07:36:16,356 - INFO - Starting training for epoch 15
2025-04-16 07:36:18,133 - INFO - Epoch 15 completed - Train Loss: 0.5822, Train Acc: 70.94%
2025-04-16 07:36:18,133 - INFO - Starting validation for epoch 15
2025-04-16 07:36:18,578 - INFO - Epoch 15 validation - Val Loss: 0.6150, Val Acc: 68.63%

2025-04-16 07:36:18,578 - INFO - No improvement for 4 epochs. Best val loss: 0.5523 at epoch 11
2025-04-16 07:36:18,578 - INFO - === Completed Epoch 15/30 ===

2025-04-16 07:36:18,578 - INFO - === Starting Epoch 16/30 ===
2025-04-16 07:36:18,578 - INFO - Starting training for epoch 16
2025-04-16 07:36:20,450 - INFO - Epoch 16 completed - Train Loss: 0.5799, Train Acc: 71.67%
2025-04-16 07:36:20,450 - INFO - Starting validation for epoch 16
2025-04-16 07:36:20,881 - INFO - Epoch 16 validation - Val Loss: 0.6502, Val Acc: 70.59%

2025-04-16 07:36:20,881 - INFO - No improvement for 5 epochs. Best val loss: 0.5523 at epoch 11
2025-04-16 07:36:20,881 - INFO - === Completed Epoch 16/30 ===

2025-04-16 07:36:20,881 - INFO - === Starting Epoch 17/30 ===
2025-04-16 07:36:20,881 - INFO - Starting training for epoch 17
2025-04-16 07:36:22,697 - INFO - Epoch 17 completed - Train Loss: 0.5596, Train Acc: 73.12%
2025-04-16 07:36:22,697 - INFO - Starting validation for epoch 17
2025-04-16 07:36:23,128 - INFO - Epoch 17 validation - Val Loss: 0.5583, Val Acc: 68.63%

2025-04-16 07:36:23,129 - INFO - Learning rate adjusted from 0.000375 to 0.0001875
2025-04-16 07:36:23,129 - INFO - No improvement for 6 epochs. Best val loss: 0.5523 at epoch 11
2025-04-16 07:36:23,129 - INFO - === Completed Epoch 17/30 ===

2025-04-16 07:36:23,129 - INFO - === Starting Epoch 18/30 ===
2025-04-16 07:36:23,129 - INFO - Starting training for epoch 18
2025-04-16 07:36:24,925 - INFO - Epoch 18 completed - Train Loss: 0.5368, Train Acc: 75.06%
2025-04-16 07:36:24,925 - INFO - Starting validation for epoch 18
2025-04-16 07:36:25,354 - INFO - Epoch 18 validation - Val Loss: 0.8454, Val Acc: 56.86%

2025-04-16 07:36:25,354 - INFO - No improvement for 7 epochs. Best val loss: 0.5523 at epoch 11
2025-04-16 07:36:25,354 - INFO - === Completed Epoch 18/30 ===

2025-04-16 07:36:25,355 - INFO - === Starting Epoch 19/30 ===
2025-04-16 07:36:25,355 - INFO - Starting training for epoch 19
2025-04-16 07:36:27,177 - INFO - Epoch 19 completed - Train Loss: 0.5417, Train Acc: 73.12%
2025-04-16 07:36:27,177 - INFO - Starting validation for epoch 19
2025-04-16 07:36:27,642 - INFO - Epoch 19 validation - Val Loss: 0.6233, Val Acc: 68.63%

2025-04-16 07:36:27,642 - INFO - No improvement for 8 epochs. Best val loss: 0.5523 at epoch 11
2025-04-16 07:36:27,642 - INFO - === Completed Epoch 19/30 ===

2025-04-16 07:36:27,642 - INFO - === Starting Epoch 20/30 ===
2025-04-16 07:36:27,642 - INFO - Starting training for epoch 20
2025-04-16 07:36:29,463 - INFO - Epoch 20 completed - Train Loss: 0.5396, Train Acc: 72.88%
2025-04-16 07:36:29,463 - INFO - Starting validation for epoch 20
2025-04-16 07:36:29,915 - INFO - Epoch 20 validation - Val Loss: 0.6691, Val Acc: 66.67%

2025-04-16 07:36:29,915 - INFO - Learning rate adjusted from 0.0001875 to 9.375e-05
2025-04-16 07:36:29,916 - INFO - No improvement for 9 epochs. Best val loss: 0.5523 at epoch 11
2025-04-16 07:36:29,916 - INFO - === Completed Epoch 20/30 ===

2025-04-16 07:36:29,916 - INFO - === Starting Epoch 21/30 ===
2025-04-16 07:36:29,916 - INFO - Starting training for epoch 21
2025-04-16 07:36:31,742 - INFO - Epoch 21 completed - Train Loss: 0.5441, Train Acc: 72.64%
2025-04-16 07:36:31,743 - INFO - Starting validation for epoch 21
2025-04-16 07:36:32,196 - INFO - Epoch 21 validation - Val Loss: 0.6345, Val Acc: 70.59%

2025-04-16 07:36:32,197 - INFO - No improvement for 10 epochs. Best val loss: 0.5523 at epoch 11
2025-04-16 07:36:32,197 - INFO - Early stopping triggered after 21 epochs

2025-04-16 07:36:32,197 - INFO - Training completed. Best validation loss: 0.5523 at epoch 11

2025-04-16 07:36:32,197 - INFO - Training completed. Starting model evaluation
2025-04-16 07:36:32,197 - INFO - Starting model evaluation on test set
2025-04-16 07:36:32,600 - INFO - Test Evaluation Results:
2025-04-16 07:36:32,600 - INFO - Test Accuracy: 64.15%
2025-04-16 07:36:32,600 - INFO - Precision: 0.6000
2025-04-16 07:36:32,600 - INFO - Recall: 0.6250
2025-04-16 07:36:32,600 - INFO - F1 Score: 0.6122
2025-04-16 07:36:32,600 - INFO - Generating confusion matrix
2025-04-16 07:36:32,700 - INFO - Confusion matrix saved to ../models/spec_cnn/all/confusion_matrix.png
2025-04-16 07:36:32,700 - INFO - Generating training history plots
2025-04-16 07:36:32,941 - INFO - Training history plots saved to ../models/spec_cnn/all/training_history.png
2025-04-16 07:36:32,941 - INFO - ================================================================================
2025-04-16 07:36:32,941 - INFO - TRAINING SUMMARY:
2025-04-16 07:36:32,941 - INFO - Model: spec_cnn on all dataset
2025-04-16 07:36:32,941 - INFO - Best validation loss: 0.5523 achieved at epoch 11
2025-04-16 07:36:32,941 - INFO - Final training accuracy: 72.64%
2025-04-16 07:36:32,941 - INFO - Final validation accuracy: 70.59%
2025-04-16 07:36:32,941 - INFO - Model saved at: ../models/spec_cnn/all
2025-04-16 07:36:32,941 - INFO - Training completed successfully
2025-04-16 07:36:32,941 - INFO - ================================================================================
