2025-04-16 12:58:31,336 - INFO - ================================================================================
2025-04-16 12:58:31,336 - INFO - NEW TRAINING RUN: raw_audio_cnn on all dataset with language awareness: True
2025-04-16 12:58:31,336 - INFO - Parameters: Epochs=10, Batch Size=128, LR=0.003, Weight Decay=1e-05
2025-04-16 12:58:31,336 - INFO - Continue Training: False, Patience: 3
2025-04-16 12:58:31,336 - INFO - ================================================================================
2025-04-16 12:58:31,346 - INFO - Using device: cuda

2025-04-16 12:58:31,346 - INFO - Loading dataset...
2025-04-16 12:59:03,161 - INFO - Dataset loaded - Train set: 10368, Validation set: 1296, Test set: 1296

2025-04-16 12:59:03,162 - INFO - Using CombinedCrossEntropyLoss for language-aware training
2025-04-16 12:59:03,162 - INFO - Initializing model and optimizer...
2025-04-16 12:59:03,246 - INFO - No checkpoint found. Starting training from scratch.
2025-04-16 12:59:03,246 - INFO - Model and optimizer initialized.

2025-04-16 12:59:03,247 - INFO - TrainHandler initialized for model: raw_audio_cnn with language awareness: True

2025-04-16 12:59:03,247 - INFO - Starting model training process
2025-04-16 12:59:03,247 - INFO - Starting training process for 10 epochs with patience 3

2025-04-16 12:59:03,247 - INFO - === Starting Epoch 1/10 ===
2025-04-16 12:59:03,247 - INFO - Starting training for epoch 1
2025-04-16 13:03:16,494 - INFO - Epoch 1 completed - Train Loss: 0.9735, Train Acc: 58.56%
2025-04-16 13:03:16,494 - INFO - Starting validation for epoch 1
2025-04-16 13:03:57,659 - INFO - Epoch 1 validation - Val Loss: 0.9364, Val Acc: 56.64%

2025-04-16 13:03:57,660 - INFO - Saving model and training statistics to ../models/raw_audio_cnn/all_lang_aware
2025-04-16 13:03:57,777 - INFO - Model checkpoint saved at epoch 1 with validation loss: 0.9364

2025-04-16 13:03:57,777 - INFO - New best model saved at epoch 1 with validation loss: 0.9364
2025-04-16 13:03:57,777 - INFO - === Completed Epoch 1/10 ===

2025-04-16 13:03:57,777 - INFO - === Starting Epoch 2/10 ===
2025-04-16 13:03:57,777 - INFO - Starting training for epoch 2
2025-04-16 13:08:15,839 - INFO - Epoch 2 completed - Train Loss: 0.8906, Train Acc: 59.62%
2025-04-16 13:08:15,839 - INFO - Starting validation for epoch 2
2025-04-16 13:08:57,050 - INFO - Epoch 2 validation - Val Loss: 0.8910, Val Acc: 60.88%

2025-04-16 13:08:57,051 - INFO - Saving model and training statistics to ../models/raw_audio_cnn/all_lang_aware
2025-04-16 13:08:57,169 - INFO - Model checkpoint saved at epoch 2 with validation loss: 0.8910

2025-04-16 13:08:57,169 - INFO - New best model saved at epoch 2 with validation loss: 0.8910
2025-04-16 13:08:57,169 - INFO - === Completed Epoch 2/10 ===

2025-04-16 13:08:57,169 - INFO - === Starting Epoch 3/10 ===
2025-04-16 13:08:57,169 - INFO - Starting training for epoch 3
2025-04-16 13:13:14,383 - INFO - Epoch 3 completed - Train Loss: 0.8394, Train Acc: 60.21%
2025-04-16 13:13:14,383 - INFO - Starting validation for epoch 3
2025-04-16 13:13:55,505 - INFO - Epoch 3 validation - Val Loss: 0.8845, Val Acc: 65.20%

2025-04-16 13:13:55,506 - INFO - Saving model and training statistics to ../models/raw_audio_cnn/all_lang_aware
2025-04-16 13:13:55,671 - INFO - Model checkpoint saved at epoch 3 with validation loss: 0.8845

2025-04-16 13:13:55,672 - INFO - New best model saved at epoch 3 with validation loss: 0.8845
2025-04-16 13:13:55,672 - INFO - === Completed Epoch 3/10 ===

2025-04-16 13:13:55,672 - INFO - === Starting Epoch 4/10 ===
2025-04-16 13:13:55,672 - INFO - Starting training for epoch 4
2025-04-16 13:18:17,957 - INFO - Epoch 4 completed - Train Loss: 0.8076, Train Acc: 62.96%
2025-04-16 13:18:17,957 - INFO - Starting validation for epoch 4
2025-04-16 13:18:59,130 - INFO - Epoch 4 validation - Val Loss: 0.7634, Val Acc: 69.83%

2025-04-16 13:18:59,131 - INFO - Saving model and training statistics to ../models/raw_audio_cnn/all_lang_aware
2025-04-16 13:18:59,232 - INFO - Model checkpoint saved at epoch 4 with validation loss: 0.7634

2025-04-16 13:18:59,233 - INFO - New best model saved at epoch 4 with validation loss: 0.7634
2025-04-16 13:18:59,233 - INFO - === Completed Epoch 4/10 ===

2025-04-16 13:18:59,233 - INFO - === Starting Epoch 5/10 ===
2025-04-16 13:18:59,233 - INFO - Starting training for epoch 5
2025-04-16 13:23:23,807 - INFO - Epoch 5 completed - Train Loss: 0.7823, Train Acc: 65.58%
2025-04-16 13:23:23,807 - INFO - Starting validation for epoch 5
2025-04-16 13:24:04,847 - INFO - Epoch 5 validation - Val Loss: 0.8091, Val Acc: 57.33%

2025-04-16 13:24:04,847 - INFO - No improvement for 1 epochs. Best val loss: 0.7634 at epoch 4
2025-04-16 13:24:04,847 - INFO - === Completed Epoch 5/10 ===

2025-04-16 13:24:04,847 - INFO - === Starting Epoch 6/10 ===
2025-04-16 13:24:04,847 - INFO - Starting training for epoch 6
2025-04-16 13:28:24,075 - INFO - Epoch 6 completed - Train Loss: 0.7573, Train Acc: 67.00%
2025-04-16 13:28:24,075 - INFO - Starting validation for epoch 6
2025-04-16 13:29:05,062 - INFO - Epoch 6 validation - Val Loss: 0.7757, Val Acc: 64.43%

2025-04-16 13:29:05,062 - INFO - No improvement for 2 epochs. Best val loss: 0.7634 at epoch 4
2025-04-16 13:29:05,062 - INFO - === Completed Epoch 6/10 ===

2025-04-16 13:29:05,062 - INFO - === Starting Epoch 7/10 ===
2025-04-16 13:29:05,062 - INFO - Starting training for epoch 7
2025-04-16 13:33:22,878 - INFO - Epoch 7 completed - Train Loss: 0.7107, Train Acc: 70.42%
2025-04-16 13:33:22,878 - INFO - Starting validation for epoch 7
2025-04-16 13:34:03,929 - INFO - Epoch 7 validation - Val Loss: 1.0956, Val Acc: 60.19%

2025-04-16 13:34:03,930 - INFO - Learning rate adjusted from 0.003 to 0.0015
2025-04-16 13:34:03,930 - INFO - No improvement for 3 epochs. Best val loss: 0.7634 at epoch 4
2025-04-16 13:34:03,930 - INFO - Early stopping triggered after 7 epochs

2025-04-16 13:34:03,930 - INFO - Training completed. Best validation loss: 0.7634 at epoch 4

2025-04-16 13:34:03,930 - INFO - Training completed. Starting model evaluation
2025-04-16 13:34:03,930 - INFO - Starting model evaluation on test set
2025-04-16 13:34:41,779 - INFO - Test Evaluation Results:
2025-04-16 13:34:41,780 - INFO - Test Accuracy: 60.57%
2025-04-16 13:34:41,780 - INFO - Precision: 0.5210
2025-04-16 13:34:41,780 - INFO - Recall: 0.7085
2025-04-16 13:34:41,780 - INFO - F1 Score: 0.6005
2025-04-16 13:34:41,780 - INFO - Generating confusion matrix
2025-04-16 13:34:41,880 - INFO - Confusion matrix saved to ../models/raw_audio_cnn/all_lang_aware/confusion_matrix.png
2025-04-16 13:34:41,880 - INFO - Generating training history plots
2025-04-16 13:34:42,135 - INFO - Training history plots saved to ../models/raw_audio_cnn/all_lang_aware/training_history.png
2025-04-16 13:34:42,135 - INFO - ================================================================================
2025-04-16 13:34:42,135 - INFO - TRAINING SUMMARY:
2025-04-16 13:34:42,135 - INFO - Model: raw_audio_cnn on all dataset
2025-04-16 13:34:42,135 - INFO - Best validation loss: 0.7634 achieved at epoch 4
2025-04-16 13:34:42,135 - INFO - Final training accuracy: 70.42%
2025-04-16 13:34:42,135 - INFO - Final validation accuracy: 60.19%
2025-04-16 13:34:42,135 - INFO - Model saved at: ../models/raw_audio_cnn/all_lang_aware
2025-04-16 13:34:42,135 - INFO - Training completed successfully
2025-04-16 13:34:42,135 - INFO - ================================================================================
