2025-04-16 13:00:42,419 - INFO - ================================================================================
2025-04-16 13:00:42,419 - INFO - NEW TRAINING RUN: raw_audio_cnn on all dataset with language awareness: False
2025-04-16 13:00:42,419 - INFO - Parameters: Epochs=10, Batch Size=128, LR=0.003, Weight Decay=1e-05
2025-04-16 13:00:42,419 - INFO - Continue Training: False, Patience: 3
2025-04-16 13:00:42,419 - INFO - ================================================================================
2025-04-16 13:00:42,430 - INFO - Using device: cuda

2025-04-16 13:00:42,430 - INFO - Loading dataset...
2025-04-16 13:01:15,355 - INFO - Dataset loaded - Train set: 10368, Validation set: 1296, Test set: 1296

2025-04-16 13:01:15,356 - INFO - Using standard CrossEntropyLoss
2025-04-16 13:01:15,356 - INFO - Initializing model and optimizer...
2025-04-16 13:01:15,440 - INFO - No checkpoint found. Starting training from scratch.
2025-04-16 13:01:15,441 - INFO - Model and optimizer initialized.

2025-04-16 13:01:15,441 - INFO - TrainHandler initialized for model: raw_audio_cnn with language awareness: False

2025-04-16 13:01:15,441 - INFO - Starting model training process
2025-04-16 13:01:15,441 - INFO - Starting training process for 10 epochs with patience 3

2025-04-16 13:01:15,441 - INFO - === Starting Epoch 1/10 ===
2025-04-16 13:01:15,441 - INFO - Starting training for epoch 1
2025-04-16 13:05:35,561 - INFO - Epoch 1 completed - Train Loss: 0.6686, Train Acc: 58.72%
2025-04-16 13:05:35,561 - INFO - Starting validation for epoch 1
2025-04-16 13:06:16,283 - INFO - Epoch 1 validation - Val Loss: 0.6691, Val Acc: 53.94%

2025-04-16 13:06:16,283 - INFO - Saving model and training statistics to ../models/raw_audio_cnn/all
2025-04-16 13:06:16,401 - INFO - Model checkpoint saved at epoch 1 with validation loss: 0.6691

2025-04-16 13:06:16,401 - INFO - New best model saved at epoch 1 with validation loss: 0.6691
2025-04-16 13:06:16,401 - INFO - === Completed Epoch 1/10 ===

2025-04-16 13:06:16,401 - INFO - === Starting Epoch 2/10 ===
2025-04-16 13:06:16,401 - INFO - Starting training for epoch 2
2025-04-16 13:10:34,715 - INFO - Epoch 2 completed - Train Loss: 0.6442, Train Acc: 59.43%
2025-04-16 13:10:34,715 - INFO - Starting validation for epoch 2
2025-04-16 13:11:15,344 - INFO - Epoch 2 validation - Val Loss: 0.6147, Val Acc: 61.42%

2025-04-16 13:11:15,344 - INFO - Saving model and training statistics to ../models/raw_audio_cnn/all
2025-04-16 13:11:15,457 - INFO - Model checkpoint saved at epoch 2 with validation loss: 0.6147

2025-04-16 13:11:15,457 - INFO - New best model saved at epoch 2 with validation loss: 0.6147
2025-04-16 13:11:15,457 - INFO - === Completed Epoch 2/10 ===

2025-04-16 13:11:15,457 - INFO - === Starting Epoch 3/10 ===
2025-04-16 13:11:15,457 - INFO - Starting training for epoch 3
2025-04-16 13:15:32,445 - INFO - Epoch 3 completed - Train Loss: 0.6127, Train Acc: 61.67%
2025-04-16 13:15:32,445 - INFO - Starting validation for epoch 3
2025-04-16 13:16:13,245 - INFO - Epoch 3 validation - Val Loss: 0.6317, Val Acc: 62.11%

2025-04-16 13:16:13,245 - INFO - No improvement for 1 epochs. Best val loss: 0.6147 at epoch 2
2025-04-16 13:16:13,245 - INFO - === Completed Epoch 3/10 ===

2025-04-16 13:16:13,246 - INFO - === Starting Epoch 4/10 ===
2025-04-16 13:16:13,246 - INFO - Starting training for epoch 4
2025-04-16 13:20:35,937 - INFO - Epoch 4 completed - Train Loss: 0.5752, Train Acc: 66.10%
2025-04-16 13:20:35,937 - INFO - Starting validation for epoch 4
2025-04-16 13:21:16,660 - INFO - Epoch 4 validation - Val Loss: 0.5576, Val Acc: 70.45%

2025-04-16 13:21:16,661 - INFO - Saving model and training statistics to ../models/raw_audio_cnn/all
2025-04-16 13:21:16,776 - INFO - Model checkpoint saved at epoch 4 with validation loss: 0.5576

2025-04-16 13:21:16,776 - INFO - New best model saved at epoch 4 with validation loss: 0.5576
2025-04-16 13:21:16,776 - INFO - === Completed Epoch 4/10 ===

2025-04-16 13:21:16,776 - INFO - === Starting Epoch 5/10 ===
2025-04-16 13:21:16,776 - INFO - Starting training for epoch 5
2025-04-16 13:25:40,821 - INFO - Epoch 5 completed - Train Loss: 0.5498, Train Acc: 68.89%
2025-04-16 13:25:40,822 - INFO - Starting validation for epoch 5
2025-04-16 13:26:21,391 - INFO - Epoch 5 validation - Val Loss: 0.8280, Val Acc: 62.50%

2025-04-16 13:26:21,391 - INFO - No improvement for 1 epochs. Best val loss: 0.5576 at epoch 4
2025-04-16 13:26:21,391 - INFO - === Completed Epoch 5/10 ===

2025-04-16 13:26:21,391 - INFO - === Starting Epoch 6/10 ===
2025-04-16 13:26:21,391 - INFO - Starting training for epoch 6
2025-04-16 13:30:40,349 - INFO - Epoch 6 completed - Train Loss: 0.5297, Train Acc: 70.97%
2025-04-16 13:30:40,349 - INFO - Starting validation for epoch 6
2025-04-16 13:31:21,214 - INFO - Epoch 6 validation - Val Loss: 0.7785, Val Acc: 63.35%

2025-04-16 13:31:21,214 - INFO - No improvement for 2 epochs. Best val loss: 0.5576 at epoch 4
2025-04-16 13:31:21,214 - INFO - === Completed Epoch 6/10 ===

2025-04-16 13:31:21,214 - INFO - === Starting Epoch 7/10 ===
2025-04-16 13:31:21,214 - INFO - Starting training for epoch 7
2025-04-16 13:35:38,007 - INFO - Epoch 7 completed - Train Loss: 0.5243, Train Acc: 71.24%
2025-04-16 13:35:38,008 - INFO - Starting validation for epoch 7
2025-04-16 13:36:18,001 - INFO - Epoch 7 validation - Val Loss: 0.5337, Val Acc: 69.98%

2025-04-16 13:36:18,001 - INFO - Saving model and training statistics to ../models/raw_audio_cnn/all
2025-04-16 13:36:18,112 - INFO - Model checkpoint saved at epoch 7 with validation loss: 0.5337

2025-04-16 13:36:18,112 - INFO - New best model saved at epoch 7 with validation loss: 0.5337
2025-04-16 13:36:18,112 - INFO - === Completed Epoch 7/10 ===

2025-04-16 13:36:18,112 - INFO - === Starting Epoch 8/10 ===
2025-04-16 13:36:18,112 - INFO - Starting training for epoch 8
2025-04-16 13:40:34,628 - INFO - Epoch 8 completed - Train Loss: 0.5147, Train Acc: 71.79%
2025-04-16 13:40:34,629 - INFO - Starting validation for epoch 8
2025-04-16 13:41:15,018 - INFO - Epoch 8 validation - Val Loss: 0.6328, Val Acc: 63.19%

2025-04-16 13:41:15,018 - INFO - No improvement for 1 epochs. Best val loss: 0.5337 at epoch 7
2025-04-16 13:41:15,018 - INFO - === Completed Epoch 8/10 ===

2025-04-16 13:41:15,018 - INFO - === Starting Epoch 9/10 ===
2025-04-16 13:41:15,018 - INFO - Starting training for epoch 9
2025-04-16 13:45:31,136 - INFO - Epoch 9 completed - Train Loss: 0.4940, Train Acc: 73.48%
2025-04-16 13:45:31,136 - INFO - Starting validation for epoch 9
2025-04-16 13:46:11,725 - INFO - Epoch 9 validation - Val Loss: 0.4872, Val Acc: 70.76%

2025-04-16 13:46:11,725 - INFO - Saving model and training statistics to ../models/raw_audio_cnn/all
2025-04-16 13:46:11,828 - INFO - Model checkpoint saved at epoch 9 with validation loss: 0.4872

2025-04-16 13:46:11,828 - INFO - New best model saved at epoch 9 with validation loss: 0.4872
2025-04-16 13:46:11,828 - INFO - === Completed Epoch 9/10 ===

2025-04-16 13:46:11,828 - INFO - === Starting Epoch 10/10 ===
2025-04-16 13:46:11,828 - INFO - Starting training for epoch 10
2025-04-16 13:50:33,755 - INFO - Epoch 10 completed - Train Loss: 0.4618, Train Acc: 75.57%
2025-04-16 13:50:33,755 - INFO - Starting validation for epoch 10
2025-04-16 13:51:13,714 - INFO - Epoch 10 validation - Val Loss: 0.5005, Val Acc: 70.91%

2025-04-16 13:51:13,714 - INFO - No improvement for 1 epochs. Best val loss: 0.4872 at epoch 9
2025-04-16 13:51:13,715 - INFO - === Completed Epoch 10/10 ===

2025-04-16 13:51:13,715 - INFO - Training completed. Best validation loss: 0.4872 at epoch 9

2025-04-16 13:51:13,715 - INFO - Training completed. Starting model evaluation
2025-04-16 13:51:13,715 - INFO - Starting model evaluation on test set
2025-04-16 13:51:50,369 - INFO - Test Evaluation Results:
2025-04-16 13:51:50,369 - INFO - Test Accuracy: 70.37%
2025-04-16 13:51:50,369 - INFO - Precision: 0.6890
2025-04-16 13:51:50,369 - INFO - Recall: 0.5314
2025-04-16 13:51:50,369 - INFO - F1 Score: 0.6000
2025-04-16 13:51:50,369 - INFO - Generating confusion matrix
2025-04-16 13:51:50,467 - INFO - Confusion matrix saved to ../models/raw_audio_cnn/all/confusion_matrix.png
2025-04-16 13:51:50,467 - INFO - Generating training history plots
2025-04-16 13:51:50,672 - INFO - Training history plots saved to ../models/raw_audio_cnn/all/training_history.png
2025-04-16 13:51:50,672 - INFO - ================================================================================
2025-04-16 13:51:50,672 - INFO - TRAINING SUMMARY:
2025-04-16 13:51:50,672 - INFO - Model: raw_audio_cnn on all dataset
2025-04-16 13:51:50,672 - INFO - Best validation loss: 0.4872 achieved at epoch 9
2025-04-16 13:51:50,672 - INFO - Final training accuracy: 75.57%
2025-04-16 13:51:50,672 - INFO - Final validation accuracy: 70.91%
2025-04-16 13:51:50,672 - INFO - Model saved at: ../models/raw_audio_cnn/all
2025-04-16 13:51:50,672 - INFO - Training completed successfully
2025-04-16 13:51:50,672 - INFO - ================================================================================
