2025-04-16 18:48:00,699 - INFO - ================================================================================
2025-04-16 18:48:00,699 - INFO - NEW TRAINING RUN: wav2vec2_nn on ncmmsc dataset with language awareness: False
2025-04-16 18:48:00,699 - INFO - Parameters: Epochs=10, Batch Size=16, LR=0.003, Weight Decay=1e-05
2025-04-16 18:48:00,699 - INFO - Continue Training: False, Patience: 3
2025-04-16 18:48:00,699 - INFO - ================================================================================
2025-04-16 18:48:00,710 - INFO - Using device: cuda

2025-04-16 18:48:00,710 - INFO - Loading dataset...
2025-04-16 18:48:02,252 - INFO - Dataset loaded - Train set: 4633, Validation set: 579, Test set: 580

2025-04-16 18:48:02,253 - INFO - Using standard CrossEntropyLoss
2025-04-16 18:48:02,253 - INFO - Initializing model and optimizer...
2025-04-16 18:48:02,581 - INFO - No checkpoint found. Starting training from scratch.
2025-04-16 18:48:02,582 - INFO - Model and optimizer initialized.

2025-04-16 18:48:02,582 - INFO - TrainHandler initialized for model: wav2vec2_nn with language awareness: False

2025-04-16 18:48:02,582 - INFO - Starting model training process
2025-04-16 18:48:02,582 - INFO - Starting training process for 10 epochs with patience 3

2025-04-16 18:48:02,582 - INFO - === Starting Epoch 1/10 ===
2025-04-16 18:48:02,582 - INFO - Starting training for epoch 1
2025-04-16 18:49:13,393 - INFO - Epoch 1 completed - Train Loss: nan, Train Acc: 61.39%
2025-04-16 18:49:13,393 - INFO - Starting validation for epoch 1
2025-04-16 18:49:16,759 - INFO - Epoch 1 validation - Val Loss: nan, Val Acc: 58.20%

2025-04-16 18:49:16,759 - INFO - No improvement for 1 epochs. Best val loss: inf at epoch 0
2025-04-16 18:49:16,759 - INFO - === Completed Epoch 1/10 ===

2025-04-16 18:49:16,759 - INFO - === Starting Epoch 2/10 ===
2025-04-16 18:49:16,759 - INFO - Starting training for epoch 2
2025-04-16 18:50:29,379 - INFO - Epoch 2 completed - Train Loss: nan, Train Acc: 61.39%
2025-04-16 18:50:29,380 - INFO - Starting validation for epoch 2
2025-04-16 18:50:32,776 - INFO - Epoch 2 validation - Val Loss: nan, Val Acc: 58.20%

2025-04-16 18:50:32,776 - INFO - No improvement for 2 epochs. Best val loss: inf at epoch 0
2025-04-16 18:50:32,776 - INFO - === Completed Epoch 2/10 ===

2025-04-16 18:50:32,776 - INFO - === Starting Epoch 3/10 ===
2025-04-16 18:50:32,776 - INFO - Starting training for epoch 3
2025-04-16 18:51:45,780 - INFO - Epoch 3 completed - Train Loss: nan, Train Acc: 61.39%
2025-04-16 18:51:45,781 - INFO - Starting validation for epoch 3
2025-04-16 18:51:49,173 - INFO - Epoch 3 validation - Val Loss: nan, Val Acc: 58.20%

2025-04-16 18:51:49,173 - INFO - Learning rate adjusted from 0.003 to 0.0015
2025-04-16 18:51:49,173 - INFO - No improvement for 3 epochs. Best val loss: inf at epoch 0
2025-04-16 18:51:49,173 - INFO - Early stopping triggered after 3 epochs

2025-04-16 18:51:49,173 - INFO - Training completed. Best validation loss: inf at epoch 0

2025-04-16 18:51:49,173 - INFO - Training completed. Starting model evaluation
2025-04-16 18:51:49,173 - INFO - Starting model evaluation on test set
2025-04-16 18:51:52,587 - INFO - Test Evaluation Results:
2025-04-16 18:51:52,587 - INFO - Test Accuracy: 62.76%
2025-04-16 18:51:52,587 - INFO - Precision: 0.0000
2025-04-16 18:51:52,587 - INFO - Recall: 0.0000
2025-04-16 18:51:52,587 - INFO - F1 Score: 0.0000
2025-04-16 18:51:52,587 - INFO - Generating confusion matrix
2025-04-16 18:51:52,684 - INFO - Confusion matrix saved to ../models/wav2vec2_nn/ncmmsc/confusion_matrix.png
2025-04-16 18:51:52,684 - INFO - Generating training history plots
2025-04-16 18:51:52,881 - INFO - Training history plots saved to ../models/wav2vec2_nn/ncmmsc/training_history.png
2025-04-16 18:51:52,881 - INFO - ================================================================================
2025-04-16 18:51:52,882 - INFO - TRAINING SUMMARY:
2025-04-16 18:51:52,882 - INFO - Model: wav2vec2_nn on ncmmsc dataset
2025-04-16 18:51:52,882 - INFO - Best validation loss: inf achieved at epoch 0
2025-04-16 18:51:52,882 - INFO - Final training accuracy: 61.39%
2025-04-16 18:51:52,882 - INFO - Final validation accuracy: 58.20%
2025-04-16 18:51:52,882 - INFO - Model saved at: ../models/wav2vec2_nn/ncmmsc
2025-04-16 18:51:52,882 - INFO - Training completed successfully
2025-04-16 18:51:52,882 - INFO - ================================================================================
