2025-04-16 10:00:26,730 - INFO - ================================================================================
2025-04-16 10:00:26,730 - INFO - NEW TRAINING RUN: wavenet on all dataset with language awareness: True
2025-04-16 10:00:26,730 - INFO - Parameters: Epochs=10, Batch Size=8, LR=0.003, Weight Decay=1e-05
2025-04-16 10:00:26,730 - INFO - Continue Training: False, Patience: 3
2025-04-16 10:00:26,730 - INFO - ================================================================================
2025-04-16 10:00:26,740 - INFO - Using device: cuda

2025-04-16 10:00:26,740 - INFO - Loading dataset...
2025-04-16 10:00:58,683 - INFO - Dataset loaded - Train set: 10368, Validation set: 1296, Test set: 1296

2025-04-16 10:00:58,683 - INFO - Using CombinedCrossEntropyLoss for language-aware training
2025-04-16 10:00:58,683 - INFO - Initializing model and optimizer...
2025-04-16 10:00:58,873 - INFO - No checkpoint found. Starting training from scratch.
2025-04-16 10:00:58,874 - INFO - Model and optimizer initialized.

2025-04-16 10:00:58,874 - INFO - TrainHandler initialized for model: wavenet with language awareness: True

2025-04-16 10:00:58,874 - INFO - Starting model training process
2025-04-16 10:00:58,874 - INFO - Starting training process for 10 epochs with patience 3

2025-04-16 10:00:58,874 - INFO - === Starting Epoch 1/10 ===
2025-04-16 10:00:58,874 - INFO - Starting training for epoch 1
2025-04-16 10:07:23,669 - INFO - Epoch 1 completed - Train Loss: 0.9491, Train Acc: 64.23%
2025-04-16 10:07:23,669 - INFO - Starting validation for epoch 1
2025-04-16 10:07:59,469 - INFO - Epoch 1 validation - Val Loss: 1.0378, Val Acc: 49.92%

2025-04-16 10:07:59,470 - INFO - Saving model and training statistics to ../models/wavenet/all_lang_aware
2025-04-16 10:07:59,498 - INFO - Model checkpoint saved at epoch 1 with validation loss: 1.0378

2025-04-16 10:07:59,498 - INFO - New best model saved at epoch 1 with validation loss: 1.0378
2025-04-16 10:07:59,498 - INFO - === Completed Epoch 1/10 ===

2025-04-16 10:07:59,498 - INFO - === Starting Epoch 2/10 ===
2025-04-16 10:07:59,498 - INFO - Starting training for epoch 2
2025-04-16 10:14:27,340 - INFO - Epoch 2 completed - Train Loss: 0.9121, Train Acc: 67.57%
2025-04-16 10:14:27,340 - INFO - Starting validation for epoch 2
2025-04-16 10:15:02,988 - INFO - Epoch 2 validation - Val Loss: 1.6531, Val Acc: 48.30%

2025-04-16 10:15:02,988 - INFO - No improvement for 1 epochs. Best val loss: 1.0378 at epoch 1
2025-04-16 10:15:02,988 - INFO - === Completed Epoch 2/10 ===

2025-04-16 10:15:02,988 - INFO - === Starting Epoch 3/10 ===
2025-04-16 10:15:02,988 - INFO - Starting training for epoch 3
2025-04-16 10:21:28,319 - INFO - Epoch 3 completed - Train Loss: 0.8843, Train Acc: 68.85%
2025-04-16 10:21:28,320 - INFO - Starting validation for epoch 3
2025-04-16 10:22:03,990 - INFO - Epoch 3 validation - Val Loss: 1.0142, Val Acc: 51.39%

2025-04-16 10:22:03,991 - INFO - Saving model and training statistics to ../models/wavenet/all_lang_aware
2025-04-16 10:22:04,021 - INFO - Model checkpoint saved at epoch 3 with validation loss: 1.0142

2025-04-16 10:22:04,021 - INFO - New best model saved at epoch 3 with validation loss: 1.0142
2025-04-16 10:22:04,021 - INFO - === Completed Epoch 3/10 ===

2025-04-16 10:22:04,021 - INFO - === Starting Epoch 4/10 ===
2025-04-16 10:22:04,021 - INFO - Starting training for epoch 4
2025-04-16 10:28:32,540 - INFO - Epoch 4 completed - Train Loss: 0.8637, Train Acc: 69.83%
2025-04-16 10:28:32,540 - INFO - Starting validation for epoch 4
2025-04-16 10:29:08,345 - INFO - Epoch 4 validation - Val Loss: 1.1463, Val Acc: 50.93%

2025-04-16 10:29:08,346 - INFO - No improvement for 1 epochs. Best val loss: 1.0142 at epoch 3
2025-04-16 10:29:08,346 - INFO - === Completed Epoch 4/10 ===

2025-04-16 10:29:08,346 - INFO - === Starting Epoch 5/10 ===
2025-04-16 10:29:08,346 - INFO - Starting training for epoch 5
2025-04-16 10:35:32,791 - INFO - Epoch 5 completed - Train Loss: 0.8565, Train Acc: 69.67%
2025-04-16 10:35:32,792 - INFO - Starting validation for epoch 5
2025-04-16 10:36:08,545 - INFO - Epoch 5 validation - Val Loss: 1.1280, Val Acc: 48.69%

2025-04-16 10:36:08,546 - INFO - No improvement for 2 epochs. Best val loss: 1.0142 at epoch 3
2025-04-16 10:36:08,546 - INFO - === Completed Epoch 5/10 ===

2025-04-16 10:36:08,546 - INFO - === Starting Epoch 6/10 ===
2025-04-16 10:36:08,546 - INFO - Starting training for epoch 6
2025-04-16 10:42:33,271 - INFO - Epoch 6 completed - Train Loss: 0.8287, Train Acc: 70.55%
2025-04-16 10:42:33,271 - INFO - Starting validation for epoch 6
2025-04-16 10:43:08,863 - INFO - Epoch 6 validation - Val Loss: 1.2591, Val Acc: 48.30%

2025-04-16 10:43:08,864 - INFO - Learning rate adjusted from 0.003 to 0.0015
2025-04-16 10:43:08,864 - INFO - No improvement for 3 epochs. Best val loss: 1.0142 at epoch 3
2025-04-16 10:43:08,864 - INFO - Early stopping triggered after 6 epochs

2025-04-16 10:43:08,864 - INFO - Training completed. Best validation loss: 1.0142 at epoch 3

2025-04-16 10:43:08,864 - INFO - Training completed. Starting model evaluation
2025-04-16 10:43:08,864 - INFO - Starting model evaluation on test set
2025-04-16 10:43:43,024 - INFO - Test Evaluation Results:
2025-04-16 10:43:43,024 - INFO - Test Accuracy: 50.46%
2025-04-16 10:43:43,024 - INFO - Precision: 0.0000
2025-04-16 10:43:43,024 - INFO - Recall: 0.0000
2025-04-16 10:43:43,024 - INFO - F1 Score: 0.0000
2025-04-16 10:43:43,024 - INFO - Generating confusion matrix
2025-04-16 10:43:43,121 - INFO - Confusion matrix saved to ../models/wavenet/all_lang_aware/confusion_matrix.png
2025-04-16 10:43:43,121 - INFO - Generating training history plots
2025-04-16 10:43:43,309 - INFO - Training history plots saved to ../models/wavenet/all_lang_aware/training_history.png
2025-04-16 10:43:43,309 - INFO - ================================================================================
2025-04-16 10:43:43,309 - INFO - TRAINING SUMMARY:
2025-04-16 10:43:43,309 - INFO - Model: wavenet on all dataset
2025-04-16 10:43:43,309 - INFO - Best validation loss: 1.0142 achieved at epoch 3
2025-04-16 10:43:43,309 - INFO - Final training accuracy: 70.55%
2025-04-16 10:43:43,309 - INFO - Final validation accuracy: 48.30%
2025-04-16 10:43:43,309 - INFO - Model saved at: ../models/wavenet/all_lang_aware
2025-04-16 10:43:43,309 - INFO - Training completed successfully
2025-04-16 10:43:43,309 - INFO - ================================================================================
